Replace Part C1 C0805C104K3RACTU in D:\Designing\SixSwitchRectifier\GateDriverSketch.SchDoc with C0805C104K3RACTU from SamacSys.SchLib
Replace Part C2 C0805C104K3RACTU in D:\Designing\SixSwitchRectifier\GateDriverSketch.SchDoc with C0805C104K3RACTU from SamacSys.SchLib
Replace Part C3 GRM21BR71H105KA12L in D:\Designing\SixSwitchRectifier\GateDriverSketch.SchDoc with GRM21BR71H105KA12L from ViennaRectifier.SchLib
Replace Part C4 C0805C104K3RACTU in D:\Designing\SixSwitchRectifier\GateDriverSketch.SchDoc with C0805C104K3RACTU from SamacSys.SchLib
Replace Part C5 C0805C104K3RACTU in D:\Designing\SixSwitchRectifier\GateDriverSketch.SchDoc with C0805C104K3RACTU from SamacSys.SchLib
Replace Part C6 C0805C104K3RACTU in D:\Designing\SixSwitchRectifier\GateDriverSketch.SchDoc with C0805C104K3RACTU from SamacSys.SchLib
Replace Part C7 GRM21BR71H105KA12L in D:\Designing\SixSwitchRectifier\GateDriverSketch.SchDoc with GRM21BR71H105KA12L from ViennaRectifier.SchLib
Replace Part C8 C0805C104K3RACTU in D:\Designing\SixSwitchRectifier\GateDriverSketch.SchDoc with C0805C104K3RACTU from SamacSys.SchLib
Replace Part C9 C0805C104K3RACTU in D:\Designing\SixSwitchRectifier\GateDriverSketch.SchDoc with C0805C104K3RACTU from SamacSys.SchLib
Replace Part C10 C0805C104K3RACTU in D:\Designing\SixSwitchRectifier\GateDriverSketch.SchDoc with C0805C104K3RACTU from SamacSys.SchLib
Replace Part C11 GRM21BR71H105KA12L in D:\Designing\SixSwitchRectifier\GateDriverSketch.SchDoc with GRM21BR71H105KA12L from ViennaRectifier.SchLib
Replace Part C12 C0805C104K3RACTU in D:\Designing\SixSwitchRectifier\GateDriverSketch.SchDoc with C0805C104K3RACTU from SamacSys.SchLib
Replace Part D1 MBRM130LT1G in D:\Designing\SixSwitchRectifier\GateDriverSketch.SchDoc with MBRM130LT1G from SamacSys.SchLib
Replace Part D2 MBRM130LT1G in D:\Designing\SixSwitchRectifier\GateDriverSketch.SchDoc with MBRM130LT1G from SamacSys.SchLib
Replace Part D3 MBRM130LT1G in D:\Designing\SixSwitchRectifier\GateDriverSketch.SchDoc with MBRM130LT1G from SamacSys.SchLib
Replace Part D4 MBRM130LT1G in D:\Designing\SixSwitchRectifier\GateDriverSketch.SchDoc with MBRM130LT1G from SamacSys.SchLib
Replace Part D5 MBRM130LT1G in D:\Designing\SixSwitchRectifier\GateDriverSketch.SchDoc with MBRM130LT1G from SamacSys.SchLib
Replace Part D6 MBRM130LT1G in D:\Designing\SixSwitchRectifier\GateDriverSketch.SchDoc with MBRM130LT1G from SamacSys.SchLib
Replace Part IC11 UCC21520ADW in D:\Designing\SixSwitchRectifier\GateDriverSketch.SchDoc with UCC21520ADW from ViennaRectifier.SchLib
Replace Part IC12 UCC21520ADW in D:\Designing\SixSwitchRectifier\GateDriverSketch.SchDoc with UCC21520ADW from ViennaRectifier.SchLib
Replace Part IC13 UCC21520ADW in D:\Designing\SixSwitchRectifier\GateDriverSketch.SchDoc with UCC21520ADW from ViennaRectifier.SchLib
Replace Part R2 R in D:\Designing\SixSwitchRectifier\GateDriverSketch.SchDoc with R from ViennaRectifier.SchLib
Replace Part R6 R in D:\Designing\SixSwitchRectifier\GateDriverSketch.SchDoc with R from ViennaRectifier.SchLib
Replace Part R10 R in D:\Designing\SixSwitchRectifier\GateDriverSketch.SchDoc with R from ViennaRectifier.SchLib
Replace Part R99 R in D:\Designing\SixSwitchRectifier\GateDriverSketch.SchDoc with R from ViennaRectifier.SchLib
Replace Part R100 R in D:\Designing\SixSwitchRectifier\GateDriverSketch.SchDoc with R from ViennaRectifier.SchLib
Replace Part R107 R in D:\Designing\SixSwitchRectifier\GateDriverSketch.SchDoc with R from ViennaRectifier.SchLib
Replace Part R108 R in D:\Designing\SixSwitchRectifier\GateDriverSketch.SchDoc with R from ViennaRectifier.SchLib
Replace Part R115 R in D:\Designing\SixSwitchRectifier\GateDriverSketch.SchDoc with R from ViennaRectifier.SchLib
Replace Part R116 R in D:\Designing\SixSwitchRectifier\GateDriverSketch.SchDoc with R from ViennaRectifier.SchLib
Replace Part TP_PWM1 5004 in D:\Designing\SixSwitchRectifier\GateDriverSketch.SchDoc with 5004 from TestPointKeystone.SchLib
Replace Part TP_PWM2 5004 in D:\Designing\SixSwitchRectifier\GateDriverSketch.SchDoc with 5004 from TestPointKeystone.SchLib
Replace Part TP_PWM3 5004 in D:\Designing\SixSwitchRectifier\GateDriverSketch.SchDoc with 5004 from TestPointKeystone.SchLib
Replace Part TP_PWM4 5004 in D:\Designing\SixSwitchRectifier\GateDriverSketch.SchDoc with 5004 from TestPointKeystone.SchLib
Replace Part TP_PWM5 5004 in D:\Designing\SixSwitchRectifier\GateDriverSketch.SchDoc with 5004 from TestPointKeystone.SchLib
Replace Part TP_PWM6 5004 in D:\Designing\SixSwitchRectifier\GateDriverSketch.SchDoc with 5004 from TestPointKeystone.SchLib
Replace Part TP_SW1 5003 in D:\Designing\SixSwitchRectifier\GateDriverSketch.SchDoc with 5003 from TestPointKeystone.SchLib
Replace Part TP_SW2 5001 in D:\Designing\SixSwitchRectifier\GateDriverSketch.SchDoc with 5001 from TestPointKeystone.SchLib
Replace Part TP_SW3 5003 in D:\Designing\SixSwitchRectifier\GateDriverSketch.SchDoc with 5003 from TestPointKeystone.SchLib
Replace Part TP_SW4 5001 in D:\Designing\SixSwitchRectifier\GateDriverSketch.SchDoc with 5001 from TestPointKeystone.SchLib
Replace Part TP_SW5 5003 in D:\Designing\SixSwitchRectifier\GateDriverSketch.SchDoc with 5003 from TestPointKeystone.SchLib
Replace Part TP_SW6 5001 in D:\Designing\SixSwitchRectifier\GateDriverSketch.SchDoc with 5001 from TestPointKeystone.SchLib
Replace Part TP_SW7 5003 in D:\Designing\SixSwitchRectifier\GateDriverSketch.SchDoc with 5003 from TestPointKeystone.SchLib
Replace Part TP_SW8 5001 in D:\Designing\SixSwitchRectifier\GateDriverSketch.SchDoc with 5001 from TestPointKeystone.SchLib
Replace Part TP_SW9 5003 in D:\Designing\SixSwitchRectifier\GateDriverSketch.SchDoc with 5003 from TestPointKeystone.SchLib
Replace Part TP_SW10 5001 in D:\Designing\SixSwitchRectifier\GateDriverSketch.SchDoc with 5001 from TestPointKeystone.SchLib
Replace Part TP_SW11 5003 in D:\Designing\SixSwitchRectifier\GateDriverSketch.SchDoc with 5003 from TestPointKeystone.SchLib
Replace Part TP_SW12 5001 in D:\Designing\SixSwitchRectifier\GateDriverSketch.SchDoc with 5001 from TestPointKeystone.SchLib
