Replace Part C13 C0805C104K3RACTU in D:\Designing\SixSwitchRectifier\InputCurrentSensingSketch.SchDoc with C0805C104K3RACTU from SamacSys.SchLib
Replace Part C14 C0805C104K3RACTU in D:\Designing\SixSwitchRectifier\InputCurrentSensingSketch.SchDoc with C0805C104K3RACTU from SamacSys.SchLib
Replace Part C15 C0805C104K3RACTU in D:\Designing\SixSwitchRectifier\InputCurrentSensingSketch.SchDoc with C0805C104K3RACTU from SamacSys.SchLib
Replace Part D7 MBRM130LT1G in D:\Designing\SixSwitchRectifier\InputCurrentSensingSketch.SchDoc with MBRM130LT1G from SamacSys.SchLib
Replace Part D8 MBRM130LT1G in D:\Designing\SixSwitchRectifier\InputCurrentSensingSketch.SchDoc with MBRM130LT1G from SamacSys.SchLib
Replace Part D9 MBRM130LT1G in D:\Designing\SixSwitchRectifier\InputCurrentSensingSketch.SchDoc with MBRM130LT1G from SamacSys.SchLib
Replace Part D10 MBRM130LT1G in D:\Designing\SixSwitchRectifier\InputCurrentSensingSketch.SchDoc with MBRM130LT1G from SamacSys.SchLib
Replace Part D11 MBRM130LT1G in D:\Designing\SixSwitchRectifier\InputCurrentSensingSketch.SchDoc with MBRM130LT1G from SamacSys.SchLib
Replace Part D12 MBRM130LT1G in D:\Designing\SixSwitchRectifier\InputCurrentSensingSketch.SchDoc with MBRM130LT1G from SamacSys.SchLib
Replace Part D13 MBRM130LT1G in D:\Designing\SixSwitchRectifier\InputCurrentSensingSketch.SchDoc with MBRM130LT1G from SamacSys.SchLib
Replace Part D14 MBRM130LT1G in D:\Designing\SixSwitchRectifier\InputCurrentSensingSketch.SchDoc with MBRM130LT1G from SamacSys.SchLib
Replace Part D15 MBRM130LT1G in D:\Designing\SixSwitchRectifier\InputCurrentSensingSketch.SchDoc with MBRM130LT1G from SamacSys.SchLib
Replace Part IC1 LM358D in D:\Designing\SixSwitchRectifier\InputCurrentSensingSketch.SchDoc with LM358D from ViennaRectifier.SchLib
Replace Part IC1 LM358D in D:\Designing\SixSwitchRectifier\InputCurrentSensingSketch.SchDoc with LM358D from ViennaRectifier.SchLib
Replace Part IC2 LM358D in D:\Designing\SixSwitchRectifier\InputCurrentSensingSketch.SchDoc with LM358D from ViennaRectifier.SchLib
Replace Part IC2 LM358D in D:\Designing\SixSwitchRectifier\InputCurrentSensingSketch.SchDoc with LM358D from ViennaRectifier.SchLib
Replace Part IC3 LM358D in D:\Designing\SixSwitchRectifier\InputCurrentSensingSketch.SchDoc with LM358D from ViennaRectifier.SchLib
Replace Part IC3 LM358D in D:\Designing\SixSwitchRectifier\InputCurrentSensingSketch.SchDoc with LM358D from ViennaRectifier.SchLib
Replace Part IC4 LM358D in D:\Designing\SixSwitchRectifier\InputCurrentSensingSketch.SchDoc with LM358D from ViennaRectifier.SchLib
Replace Part IC4 LM358D in D:\Designing\SixSwitchRectifier\InputCurrentSensingSketch.SchDoc with LM358D from ViennaRectifier.SchLib
Replace Part IC5 LM358D in D:\Designing\SixSwitchRectifier\InputCurrentSensingSketch.SchDoc with LM358D from ViennaRectifier.SchLib
Replace Part R12 R in D:\Designing\SixSwitchRectifier\InputCurrentSensingSketch.SchDoc with R from ViennaRectifier.SchLib
Replace Part R13 R in D:\Designing\SixSwitchRectifier\InputCurrentSensingSketch.SchDoc with R from ViennaRectifier.SchLib
Replace Part R14 R in D:\Designing\SixSwitchRectifier\InputCurrentSensingSketch.SchDoc with R from ViennaRectifier.SchLib
Replace Part R16 R in D:\Designing\SixSwitchRectifier\InputCurrentSensingSketch.SchDoc with R from ViennaRectifier.SchLib
Replace Part R17 R in D:\Designing\SixSwitchRectifier\InputCurrentSensingSketch.SchDoc with R from ViennaRectifier.SchLib
Replace Part R19 R in D:\Designing\SixSwitchRectifier\InputCurrentSensingSketch.SchDoc with R from ViennaRectifier.SchLib
Replace Part R20 R in D:\Designing\SixSwitchRectifier\InputCurrentSensingSketch.SchDoc with R from ViennaRectifier.SchLib
Replace Part R21 R in D:\Designing\SixSwitchRectifier\InputCurrentSensingSketch.SchDoc with R from ViennaRectifier.SchLib
Replace Part R22 R in D:\Designing\SixSwitchRectifier\InputCurrentSensingSketch.SchDoc with R from ViennaRectifier.SchLib
Replace Part R23 R in D:\Designing\SixSwitchRectifier\InputCurrentSensingSketch.SchDoc with R from ViennaRectifier.SchLib
Replace Part R24 R in D:\Designing\SixSwitchRectifier\InputCurrentSensingSketch.SchDoc with R from ViennaRectifier.SchLib
Replace Part R25 R in D:\Designing\SixSwitchRectifier\InputCurrentSensingSketch.SchDoc with R from ViennaRectifier.SchLib
Replace Part R27 R in D:\Designing\SixSwitchRectifier\InputCurrentSensingSketch.SchDoc with R from ViennaRectifier.SchLib
Replace Part R28 R in D:\Designing\SixSwitchRectifier\InputCurrentSensingSketch.SchDoc with R from ViennaRectifier.SchLib
Replace Part R30 R in D:\Designing\SixSwitchRectifier\InputCurrentSensingSketch.SchDoc with R from ViennaRectifier.SchLib
Replace Part R31 R in D:\Designing\SixSwitchRectifier\InputCurrentSensingSketch.SchDoc with R from ViennaRectifier.SchLib
Replace Part R32 R in D:\Designing\SixSwitchRectifier\InputCurrentSensingSketch.SchDoc with R from ViennaRectifier.SchLib
Replace Part R33 R in D:\Designing\SixSwitchRectifier\InputCurrentSensingSketch.SchDoc with R from ViennaRectifier.SchLib
Replace Part R34 R in D:\Designing\SixSwitchRectifier\InputCurrentSensingSketch.SchDoc with R from ViennaRectifier.SchLib
Replace Part R35 R in D:\Designing\SixSwitchRectifier\InputCurrentSensingSketch.SchDoc with R from ViennaRectifier.SchLib
Replace Part R36 R in D:\Designing\SixSwitchRectifier\InputCurrentSensingSketch.SchDoc with R from ViennaRectifier.SchLib
Replace Part R37 R in D:\Designing\SixSwitchRectifier\InputCurrentSensingSketch.SchDoc with R from ViennaRectifier.SchLib
Replace Part R38 R in D:\Designing\SixSwitchRectifier\InputCurrentSensingSketch.SchDoc with R from ViennaRectifier.SchLib
Replace Part R39 R in D:\Designing\SixSwitchRectifier\InputCurrentSensingSketch.SchDoc with R from ViennaRectifier.SchLib
Replace Part R40 R in D:\Designing\SixSwitchRectifier\InputCurrentSensingSketch.SchDoc with R from ViennaRectifier.SchLib
Replace Part R41 R in D:\Designing\SixSwitchRectifier\InputCurrentSensingSketch.SchDoc with R from ViennaRectifier.SchLib
Replace Part R42 R in D:\Designing\SixSwitchRectifier\InputCurrentSensingSketch.SchDoc with R from ViennaRectifier.SchLib
Replace Part R43 R in D:\Designing\SixSwitchRectifier\InputCurrentSensingSketch.SchDoc with R from ViennaRectifier.SchLib
Replace Part R44 R in D:\Designing\SixSwitchRectifier\InputCurrentSensingSketch.SchDoc with R from ViennaRectifier.SchLib
Replace Part R45 R in D:\Designing\SixSwitchRectifier\InputCurrentSensingSketch.SchDoc with R from ViennaRectifier.SchLib
Replace Part R46 R in D:\Designing\SixSwitchRectifier\InputCurrentSensingSketch.SchDoc with R from ViennaRectifier.SchLib
Replace Part R47 R in D:\Designing\SixSwitchRectifier\InputCurrentSensingSketch.SchDoc with R from ViennaRectifier.SchLib
Replace Part R48 R in D:\Designing\SixSwitchRectifier\InputCurrentSensingSketch.SchDoc with R from ViennaRectifier.SchLib
Replace Part TP_IA 5000 in D:\Designing\SixSwitchRectifier\InputCurrentSensingSketch.SchDoc with 5000 from TestPointKeystone.SchLib
Replace Part TP_IB 5001 in D:\Designing\SixSwitchRectifier\InputCurrentSensingSketch.SchDoc with 5001 from TestPointKeystone.SchLib
Replace Part TP_IC 5002 in D:\Designing\SixSwitchRectifier\InputCurrentSensingSketch.SchDoc with 5002 from TestPointKeystone.SchLib
Replace Part TP_NIA 5000 in D:\Designing\SixSwitchRectifier\InputCurrentSensingSketch.SchDoc with 5000 from TestPointKeystone.SchLib
Replace Part TP_NIB 5001 in D:\Designing\SixSwitchRectifier\InputCurrentSensingSketch.SchDoc with 5001 from TestPointKeystone.SchLib
Replace Part TP_NIC 5002 in D:\Designing\SixSwitchRectifier\InputCurrentSensingSketch.SchDoc with 5002 from TestPointKeystone.SchLib
Replace Part U1 LA 100-TP in D:\Designing\SixSwitchRectifier\InputCurrentSensingSketch.SchDoc with LA 100-TP from ViennaRectifier.SchLib
Replace Part U2 LA 100-TP in D:\Designing\SixSwitchRectifier\InputCurrentSensingSketch.SchDoc with LA 100-TP from ViennaRectifier.SchLib
Replace Part U3 LA 100-TP in D:\Designing\SixSwitchRectifier\InputCurrentSensingSketch.SchDoc with LA 100-TP from ViennaRectifier.SchLib
Replace Part Z1 BZG05C3V3-HM3-08 in D:\Designing\SixSwitchRectifier\InputCurrentSensingSketch.SchDoc with BZG05C3V3-HM3-08 from SamacSys.SchLib
Replace Part Z2 BZG05C3V3-HM3-08 in D:\Designing\SixSwitchRectifier\InputCurrentSensingSketch.SchDoc with BZG05C3V3-HM3-08 from SamacSys.SchLib
Replace Part Z3 BZG05C3V3-HM3-08 in D:\Designing\SixSwitchRectifier\InputCurrentSensingSketch.SchDoc with BZG05C3V3-HM3-08 from SamacSys.SchLib
Replace Part Z4 BZG05C3V3-HM3-08 in D:\Designing\SixSwitchRectifier\InputCurrentSensingSketch.SchDoc with BZG05C3V3-HM3-08 from SamacSys.SchLib
Replace Part Z5 BZG05C3V3-HM3-08 in D:\Designing\SixSwitchRectifier\InputCurrentSensingSketch.SchDoc with BZG05C3V3-HM3-08 from SamacSys.SchLib
Replace Part Z6 BZG05C3V3-HM3-08 in D:\Designing\SixSwitchRectifier\InputCurrentSensingSketch.SchDoc with BZG05C3V3-HM3-08 from SamacSys.SchLib
