Change Component Designator: Old Designator=IC1 New Designator=IC4
Change Component Designator: Old Designator=IC1 New Designator=IC4
Change Component Designator: Old Designator=IC2 New Designator=IC6
Change Component Designator: Old Designator=IC2 New Designator=IC5
Change Component Designator: Old Designator=IC3 New Designator=IC7
Change Component Designator: Old Designator=IC3 New Designator=IC7
Change Component Designator: Old Designator=IC4 New Designator=IC5
Change Component Designator: Old Designator=IC4 New Designator=IC6
Change Component Designator: Old Designator=IC5 New Designator=IC8
Change Component Designator: Old Designator=R12 New Designator=R16
Change Component Designator: Old Designator=R13 New Designator=R17
Change Component Designator: Old Designator=R14 New Designator=R18
Change Component Designator: Old Designator=R16 New Designator=R19
Change Component Designator: Old Designator=R17 New Designator=R21
Change Component Designator: Old Designator=R19 New Designator=R22
Change Component Designator: Old Designator=R20 New Designator=R24
Change Component Designator: Old Designator=R21 New Designator=R25
Change Component Designator: Old Designator=R22 New Designator=R26
Change Component Designator: Old Designator=R23 New Designator=R27
Change Component Designator: Old Designator=R24 New Designator=R28
Change Component Designator: Old Designator=R25 New Designator=R29
Change Component Designator: Old Designator=R27 New Designator=R30
Change Component Designator: Old Designator=R28 New Designator=R31
Change Component Designator: Old Designator=R30 New Designator=R32
Change Component Designator: Old Designator=R31 New Designator=R33
Change Component Designator: Old Designator=R32 New Designator=R34
Change Component Designator: Old Designator=R33 New Designator=R35
Change Component Designator: Old Designator=R34 New Designator=R36
Change Component Designator: Old Designator=R35 New Designator=R37
Change Component Designator: Old Designator=R36 New Designator=R38
Change Component Designator: Old Designator=R37 New Designator=R20
Change Component Designator: Old Designator=R38 New Designator=R39
Change Component Designator: Old Designator=R39 New Designator=R40
Change Component Designator: Old Designator=R40 New Designator=R23
Change Component Designator: Old Designator=TP_IA New Designator=TP_IA1
Change Component Designator: Old Designator=TP_IB New Designator=TP_IB1
Change Component Designator: Old Designator=TP_IC New Designator=TP_IC1
Change Component Designator: Old Designator=TP_NIA New Designator=TP_NIA1
Change Component Designator: Old Designator=TP_NIB New Designator=TP_NIB1
Change Component Designator: Old Designator=TP_NIC New Designator=TP_NIC1
