Change Component Designator: Old Designator=IC6 New Designator=IC9
Change Component Designator: Old Designator=IC6 New Designator=IC8
Change Component Designator: Old Designator=IC7 New Designator=IC11
Change Component Designator: Old Designator=IC7 New Designator=IC9
Change Component Designator: Old Designator=IC8 New Designator=IC12
Change Component Designator: Old Designator=IC8 New Designator=IC11
Change Component Designator: Old Designator=IC9 New Designator=IC10
Change Component Designator: Old Designator=IC9 New Designator=IC10
Change Component Designator: Old Designator=IC10 New Designator=IC13
Change Component Designator: Old Designator=R4 New Designator=R53
Change Component Designator: Old Designator=R7 New Designator=R56
Change Component Designator: Old Designator=R15 New Designator=R66
Change Component Designator: Old Designator=R18 New Designator=R69
Change Component Designator: Old Designator=R26 New Designator=R79
Change Component Designator: Old Designator=R29 New Designator=R82
Change Component Designator: Old Designator=R53 New Designator=R54
Change Component Designator: Old Designator=R54 New Designator=R55
Change Component Designator: Old Designator=R55 New Designator=R57
Change Component Designator: Old Designator=R56 New Designator=R58
Change Component Designator: Old Designator=R57 New Designator=R59
Change Component Designator: Old Designator=R58 New Designator=R60
Change Component Designator: Old Designator=R59 New Designator=R61
Change Component Designator: Old Designator=R60 New Designator=R62
Change Component Designator: Old Designator=R61 New Designator=R63
Change Component Designator: Old Designator=R62 New Designator=R64
Change Component Designator: Old Designator=R63 New Designator=R65
Change Component Designator: Old Designator=R65 New Designator=R67
Change Component Designator: Old Designator=R66 New Designator=R68
Change Component Designator: Old Designator=R68 New Designator=R70
Change Component Designator: Old Designator=R70 New Designator=R71
Change Component Designator: Old Designator=R71 New Designator=R72
Change Component Designator: Old Designator=R72 New Designator=R73
Change Component Designator: Old Designator=R73 New Designator=R74
Change Component Designator: Old Designator=R74 New Designator=R75
Change Component Designator: Old Designator=R75 New Designator=R76
Change Component Designator: Old Designator=R76 New Designator=R77
Change Component Designator: Old Designator=R77 New Designator=R78
Change Component Designator: Old Designator=R78 New Designator=R80
Change Component Designator: Old Designator=R79 New Designator=R81
Change Component Designator: Old Designator=R81 New Designator=R83
Change Component Designator: Old Designator=R82 New Designator=R84
Change Component Designator: Old Designator=R83 New Designator=R85
Change Component Designator: Old Designator=R84 New Designator=R86
Change Component Designator: Old Designator=R85 New Designator=R87
Change Component Designator: Old Designator=TP_NVA New Designator=TP_NVA1
Change Component Designator: Old Designator=TP_NVB New Designator=TP_NVB1
Change Component Designator: Old Designator=TP_NVC New Designator=TP_NVC1
Change Component Designator: Old Designator=TP_VA New Designator=TP_VA1
Change Component Designator: Old Designator=TP_VB New Designator=TP_VB1
Change Component Designator: Old Designator=TP_VC New Designator=TP_VC1
Change Component Designator: Old Designator=Z9 New Designator=Z7
Change Component Designator: Old Designator=Z10 New Designator=Z8
Change Component Designator: Old Designator=Z11 New Designator=Z9
Change Component Designator: Old Designator=Z12 New Designator=Z10
Change Component Designator: Old Designator=Z13 New Designator=Z11
Change Component Designator: Old Designator=Z14 New Designator=Z12
