Replace Part C16 C0805C104K3RACTU in D:\Designing\SixSwitchRectifier\InputVoltageSensingSketch.SchDoc with C0805C104K3RACTU from SamacSys.SchLib
Replace Part C17 C0805C104K3RACTU in D:\Designing\SixSwitchRectifier\InputVoltageSensingSketch.SchDoc with C0805C104K3RACTU from SamacSys.SchLib
Replace Part C18 C0805C104K3RACTU in D:\Designing\SixSwitchRectifier\InputVoltageSensingSketch.SchDoc with C0805C104K3RACTU from SamacSys.SchLib
Replace Part D16 MBRM130LT1G in D:\Designing\SixSwitchRectifier\InputVoltageSensingSketch.SchDoc with MBRM130LT1G from SamacSys.SchLib
Replace Part D17 MBRM130LT1G in D:\Designing\SixSwitchRectifier\InputVoltageSensingSketch.SchDoc with MBRM130LT1G from SamacSys.SchLib
Replace Part D18 MBRM130LT1G in D:\Designing\SixSwitchRectifier\InputVoltageSensingSketch.SchDoc with MBRM130LT1G from SamacSys.SchLib
Replace Part D19 MBRM130LT1G in D:\Designing\SixSwitchRectifier\InputVoltageSensingSketch.SchDoc with MBRM130LT1G from SamacSys.SchLib
Replace Part D20 MBRM130LT1G in D:\Designing\SixSwitchRectifier\InputVoltageSensingSketch.SchDoc with MBRM130LT1G from SamacSys.SchLib
Replace Part D21 MBRM130LT1G in D:\Designing\SixSwitchRectifier\InputVoltageSensingSketch.SchDoc with MBRM130LT1G from SamacSys.SchLib
Replace Part D22 MBRM130LT1G in D:\Designing\SixSwitchRectifier\InputVoltageSensingSketch.SchDoc with MBRM130LT1G from SamacSys.SchLib
Replace Part D23 MBRM130LT1G in D:\Designing\SixSwitchRectifier\InputVoltageSensingSketch.SchDoc with MBRM130LT1G from SamacSys.SchLib
Replace Part D24 MBRM130LT1G in D:\Designing\SixSwitchRectifier\InputVoltageSensingSketch.SchDoc with MBRM130LT1G from SamacSys.SchLib
Replace Part IC6 LM358D in D:\Designing\SixSwitchRectifier\InputVoltageSensingSketch.SchDoc with LM358D from ViennaRectifier.SchLib
Replace Part IC6 LM358D in D:\Designing\SixSwitchRectifier\InputVoltageSensingSketch.SchDoc with LM358D from ViennaRectifier.SchLib
Replace Part IC7 LM358D in D:\Designing\SixSwitchRectifier\InputVoltageSensingSketch.SchDoc with LM358D from ViennaRectifier.SchLib
Replace Part IC7 LM358D in D:\Designing\SixSwitchRectifier\InputVoltageSensingSketch.SchDoc with LM358D from ViennaRectifier.SchLib
Replace Part IC8 LM358D in D:\Designing\SixSwitchRectifier\InputVoltageSensingSketch.SchDoc with LM358D from ViennaRectifier.SchLib
Replace Part IC8 LM358D in D:\Designing\SixSwitchRectifier\InputVoltageSensingSketch.SchDoc with LM358D from ViennaRectifier.SchLib
Replace Part IC9 LM358D in D:\Designing\SixSwitchRectifier\InputVoltageSensingSketch.SchDoc with LM358D from ViennaRectifier.SchLib
Replace Part IC9 LM358D in D:\Designing\SixSwitchRectifier\InputVoltageSensingSketch.SchDoc with LM358D from ViennaRectifier.SchLib
Replace Part IC10 LM358D in D:\Designing\SixSwitchRectifier\InputVoltageSensingSketch.SchDoc with LM358D from ViennaRectifier.SchLib
Replace Part R4 R5W in D:\Designing\SixSwitchRectifier\InputVoltageSensingSketch.SchDoc with R5W from VioletofSun.SchLib
Replace Part R7 R5W in D:\Designing\SixSwitchRectifier\InputVoltageSensingSketch.SchDoc with R5W from VioletofSun.SchLib
Replace Part R15 R5W in D:\Designing\SixSwitchRectifier\InputVoltageSensingSketch.SchDoc with R5W from VioletofSun.SchLib
Replace Part R18 R5W in D:\Designing\SixSwitchRectifier\InputVoltageSensingSketch.SchDoc with R5W from VioletofSun.SchLib
Replace Part R26 R5W in D:\Designing\SixSwitchRectifier\InputVoltageSensingSketch.SchDoc with R5W from VioletofSun.SchLib
Replace Part R29 R5W in D:\Designing\SixSwitchRectifier\InputVoltageSensingSketch.SchDoc with R5W from VioletofSun.SchLib
Replace Part R49 R in D:\Designing\SixSwitchRectifier\InputVoltageSensingSketch.SchDoc with R from ViennaRectifier.SchLib
Replace Part R50 R in D:\Designing\SixSwitchRectifier\InputVoltageSensingSketch.SchDoc with R from ViennaRectifier.SchLib
Replace Part R51 R in D:\Designing\SixSwitchRectifier\InputVoltageSensingSketch.SchDoc with R from ViennaRectifier.SchLib
Replace Part R52 R in D:\Designing\SixSwitchRectifier\InputVoltageSensingSketch.SchDoc with R from ViennaRectifier.SchLib
Replace Part R53 R in D:\Designing\SixSwitchRectifier\InputVoltageSensingSketch.SchDoc with R from ViennaRectifier.SchLib
Replace Part R54 R in D:\Designing\SixSwitchRectifier\InputVoltageSensingSketch.SchDoc with R from ViennaRectifier.SchLib
Replace Part R55 R in D:\Designing\SixSwitchRectifier\InputVoltageSensingSketch.SchDoc with R from ViennaRectifier.SchLib
Replace Part R56 R in D:\Designing\SixSwitchRectifier\InputVoltageSensingSketch.SchDoc with R from ViennaRectifier.SchLib
Replace Part R57 R in D:\Designing\SixSwitchRectifier\InputVoltageSensingSketch.SchDoc with R from ViennaRectifier.SchLib
Replace Part R58 R in D:\Designing\SixSwitchRectifier\InputVoltageSensingSketch.SchDoc with R from ViennaRectifier.SchLib
Replace Part R59 R in D:\Designing\SixSwitchRectifier\InputVoltageSensingSketch.SchDoc with R from ViennaRectifier.SchLib
Replace Part R60 R in D:\Designing\SixSwitchRectifier\InputVoltageSensingSketch.SchDoc with R from ViennaRectifier.SchLib
Replace Part R61 R in D:\Designing\SixSwitchRectifier\InputVoltageSensingSketch.SchDoc with R from ViennaRectifier.SchLib
Replace Part R62 R in D:\Designing\SixSwitchRectifier\InputVoltageSensingSketch.SchDoc with R from ViennaRectifier.SchLib
Replace Part R63 R in D:\Designing\SixSwitchRectifier\InputVoltageSensingSketch.SchDoc with R from ViennaRectifier.SchLib
Replace Part R65 R in D:\Designing\SixSwitchRectifier\InputVoltageSensingSketch.SchDoc with R from ViennaRectifier.SchLib
Replace Part R66 R in D:\Designing\SixSwitchRectifier\InputVoltageSensingSketch.SchDoc with R from ViennaRectifier.SchLib
Replace Part R68 R in D:\Designing\SixSwitchRectifier\InputVoltageSensingSketch.SchDoc with R from ViennaRectifier.SchLib
Replace Part R70 R in D:\Designing\SixSwitchRectifier\InputVoltageSensingSketch.SchDoc with R from ViennaRectifier.SchLib
Replace Part R71 R in D:\Designing\SixSwitchRectifier\InputVoltageSensingSketch.SchDoc with R from ViennaRectifier.SchLib
Replace Part R72 R in D:\Designing\SixSwitchRectifier\InputVoltageSensingSketch.SchDoc with R from ViennaRectifier.SchLib
Replace Part R73 R in D:\Designing\SixSwitchRectifier\InputVoltageSensingSketch.SchDoc with R from ViennaRectifier.SchLib
Replace Part R74 R in D:\Designing\SixSwitchRectifier\InputVoltageSensingSketch.SchDoc with R from ViennaRectifier.SchLib
Replace Part R75 R in D:\Designing\SixSwitchRectifier\InputVoltageSensingSketch.SchDoc with R from ViennaRectifier.SchLib
Replace Part R76 R in D:\Designing\SixSwitchRectifier\InputVoltageSensingSketch.SchDoc with R from ViennaRectifier.SchLib
Replace Part R77 R in D:\Designing\SixSwitchRectifier\InputVoltageSensingSketch.SchDoc with R from ViennaRectifier.SchLib
Replace Part R78 R in D:\Designing\SixSwitchRectifier\InputVoltageSensingSketch.SchDoc with R from ViennaRectifier.SchLib
Replace Part R79 R in D:\Designing\SixSwitchRectifier\InputVoltageSensingSketch.SchDoc with R from ViennaRectifier.SchLib
Replace Part R81 R in D:\Designing\SixSwitchRectifier\InputVoltageSensingSketch.SchDoc with R from ViennaRectifier.SchLib
Replace Part R82 R in D:\Designing\SixSwitchRectifier\InputVoltageSensingSketch.SchDoc with R from ViennaRectifier.SchLib
Replace Part R83 R in D:\Designing\SixSwitchRectifier\InputVoltageSensingSketch.SchDoc with R from ViennaRectifier.SchLib
Replace Part R84 R in D:\Designing\SixSwitchRectifier\InputVoltageSensingSketch.SchDoc with R from ViennaRectifier.SchLib
Replace Part R85 R in D:\Designing\SixSwitchRectifier\InputVoltageSensingSketch.SchDoc with R from ViennaRectifier.SchLib
Replace Part TP_NVA 5000 in D:\Designing\SixSwitchRectifier\InputVoltageSensingSketch.SchDoc with 5000 from TestPointKeystone.SchLib
Replace Part TP_NVB 5001 in D:\Designing\SixSwitchRectifier\InputVoltageSensingSketch.SchDoc with 5001 from TestPointKeystone.SchLib
Replace Part TP_NVC 5002 in D:\Designing\SixSwitchRectifier\InputVoltageSensingSketch.SchDoc with 5002 from TestPointKeystone.SchLib
Replace Part TP_VA 5000 in D:\Designing\SixSwitchRectifier\InputVoltageSensingSketch.SchDoc with 5000 from TestPointKeystone.SchLib
Replace Part TP_VB 5001 in D:\Designing\SixSwitchRectifier\InputVoltageSensingSketch.SchDoc with 5001 from TestPointKeystone.SchLib
Replace Part TP_VC 5002 in D:\Designing\SixSwitchRectifier\InputVoltageSensingSketch.SchDoc with 5002 from TestPointKeystone.SchLib
Replace Part U4 LV 25-P in D:\Designing\SixSwitchRectifier\InputVoltageSensingSketch.SchDoc with LV 25-P from ViennaRectifier.SchLib
Replace Part U5 LV 25-P in D:\Designing\SixSwitchRectifier\InputVoltageSensingSketch.SchDoc with LV 25-P from ViennaRectifier.SchLib
Replace Part U6 LV 25-P in D:\Designing\SixSwitchRectifier\InputVoltageSensingSketch.SchDoc with LV 25-P from ViennaRectifier.SchLib
Replace Part Z9 BZG05C3V3-HM3-08 in D:\Designing\SixSwitchRectifier\InputVoltageSensingSketch.SchDoc with BZG05C3V3-HM3-08 from SamacSys.SchLib
Replace Part Z10 BZG05C3V3-HM3-08 in D:\Designing\SixSwitchRectifier\InputVoltageSensingSketch.SchDoc with BZG05C3V3-HM3-08 from SamacSys.SchLib
Replace Part Z11 BZG05C3V3-HM3-08 in D:\Designing\SixSwitchRectifier\InputVoltageSensingSketch.SchDoc with BZG05C3V3-HM3-08 from SamacSys.SchLib
Replace Part Z12 BZG05C3V3-HM3-08 in D:\Designing\SixSwitchRectifier\InputVoltageSensingSketch.SchDoc with BZG05C3V3-HM3-08 from SamacSys.SchLib
Replace Part Z13 BZG05C3V3-HM3-08 in D:\Designing\SixSwitchRectifier\InputVoltageSensingSketch.SchDoc with BZG05C3V3-HM3-08 from SamacSys.SchLib
Replace Part Z14 BZG05C3V3-HM3-08 in D:\Designing\SixSwitchRectifier\InputVoltageSensingSketch.SchDoc with BZG05C3V3-HM3-08 from SamacSys.SchLib
