Replace Part C19 C2012X7R1H155K125AC in D:\Designing\SixSwitchRectifier\PowerManagement.SchDoc with C2012X7R1H155K125AC from SamacSys.SchLib
Replace Part C20 C0805C104K3RACTU in D:\Designing\SixSwitchRectifier\PowerManagement.SchDoc with C0805C104K3RACTU from SamacSys.SchLib
Replace Part C21 CGA4J1X7R1E335K125AC in D:\Designing\SixSwitchRectifier\PowerManagement.SchDoc with CGA4J1X7R1E335K125AC from SamacSys.SchLib
Replace Part C22 CGA4J1X7R1E335K125AC in D:\Designing\SixSwitchRectifier\PowerManagement.SchDoc with CGA4J1X7R1E335K125AC from SamacSys.SchLib
Replace Part C23 C0805C104K3RACTU in D:\Designing\SixSwitchRectifier\PowerManagement.SchDoc with C0805C104K3RACTU from SamacSys.SchLib
Replace Part C24 CGA4J1X7R1E335K125AC in D:\Designing\SixSwitchRectifier\PowerManagement.SchDoc with CGA4J1X7R1E335K125AC from SamacSys.SchLib
Replace Part C25 C0805C104K3RACTU in D:\Designing\SixSwitchRectifier\PowerManagement.SchDoc with C0805C104K3RACTU from SamacSys.SchLib
Replace Part C26 CGA4J1X7R1E335K125AC in D:\Designing\SixSwitchRectifier\PowerManagement.SchDoc with CGA4J1X7R1E335K125AC from SamacSys.SchLib
Replace Part C27 CGA4J1X7R1E335K125AC in D:\Designing\SixSwitchRectifier\PowerManagement.SchDoc with CGA4J1X7R1E335K125AC from SamacSys.SchLib
Replace Part C28 CGA4J1X7R1E335K125AC in D:\Designing\SixSwitchRectifier\PowerManagement.SchDoc with CGA4J1X7R1E335K125AC from SamacSys.SchLib
Replace Part C29 C0805C104K3RACTU in D:\Designing\SixSwitchRectifier\PowerManagement.SchDoc with C0805C104K3RACTU from SamacSys.SchLib
Replace Part C30 C0805C104K3RACTU in D:\Designing\SixSwitchRectifier\PowerManagement.SchDoc with C0805C104K3RACTU from SamacSys.SchLib
Replace Part C31 C0805C104K3RACTU in D:\Designing\SixSwitchRectifier\PowerManagement.SchDoc with C0805C104K3RACTU from SamacSys.SchLib
Replace Part C32 CGA4J1X7R1E335K125AC in D:\Designing\SixSwitchRectifier\PowerManagement.SchDoc with CGA4J1X7R1E335K125AC from SamacSys.SchLib
Replace Part C33 CGA4J1X7R1E335K125AC in D:\Designing\SixSwitchRectifier\PowerManagement.SchDoc with CGA4J1X7R1E335K125AC from SamacSys.SchLib
Replace Part C34 C0805C104K3RACTU in D:\Designing\SixSwitchRectifier\PowerManagement.SchDoc with C0805C104K3RACTU from SamacSys.SchLib
Replace Part C35 C0805C104K3RACTU in D:\Designing\SixSwitchRectifier\PowerManagement.SchDoc with C0805C104K3RACTU from SamacSys.SchLib
Replace Part C36 CGA4J1X7R1E335K125AC in D:\Designing\SixSwitchRectifier\PowerManagement.SchDoc with CGA4J1X7R1E335K125AC from SamacSys.SchLib
Replace Part C37 C0805C104K3RACTU in D:\Designing\SixSwitchRectifier\PowerManagement.SchDoc with C0805C104K3RACTU from SamacSys.SchLib
Replace Part L1 MPZ2012S300A in D:\Designing\SixSwitchRectifier\PowerManagement.SchDoc with MPZ2012S300A from ViennaRectifier.SchLib
Replace Part L2 MPZ2012S300A in D:\Designing\SixSwitchRectifier\PowerManagement.SchDoc with MPZ2012S300A from ViennaRectifier.SchLib
Replace Part L3 MPZ2012S300A in D:\Designing\SixSwitchRectifier\PowerManagement.SchDoc with MPZ2012S300A from ViennaRectifier.SchLib
Replace Part L4 MPZ2012S300A in D:\Designing\SixSwitchRectifier\PowerManagement.SchDoc with MPZ2012S300A from ViennaRectifier.SchLib
Replace Part L5 MPZ2012S300A in D:\Designing\SixSwitchRectifier\PowerManagement.SchDoc with MPZ2012S300A from ViennaRectifier.SchLib
Replace Part L6 MPZ2012S300A in D:\Designing\SixSwitchRectifier\PowerManagement.SchDoc with MPZ2012S300A from ViennaRectifier.SchLib
Replace Part L7 MPZ2012S300A in D:\Designing\SixSwitchRectifier\PowerManagement.SchDoc with MPZ2012S300A from ViennaRectifier.SchLib
Replace Part L8 MPZ2012S300A in D:\Designing\SixSwitchRectifier\PowerManagement.SchDoc with MPZ2012S300A from ViennaRectifier.SchLib
Replace Part L9 MPZ2012S300A in D:\Designing\SixSwitchRectifier\PowerManagement.SchDoc with MPZ2012S300A from ViennaRectifier.SchLib
Replace Part LED1 150080VS75000 in D:\Designing\SixSwitchRectifier\PowerManagement.SchDoc with 150080VS75000 from ViennaRectifier.SchLib
Replace Part PS1 MDW1047 in D:\Designing\SixSwitchRectifier\PowerManagement.SchDoc with MDW1047 from SamacSys.SchLib
Replace Part PS2 MDW1041 in D:\Designing\SixSwitchRectifier\PowerManagement.SchDoc with MDW1041 from SamacSys.SchLib
Replace Part PS3 MDW1042 in D:\Designing\SixSwitchRectifier\PowerManagement.SchDoc with MDW1042 from SamacSys.SchLib
Replace Part PS4 MDW1047 in D:\Designing\SixSwitchRectifier\PowerManagement.SchDoc with MDW1047 from SamacSys.SchLib
Replace Part PS5 MDW1047 in D:\Designing\SixSwitchRectifier\PowerManagement.SchDoc with MDW1047 from SamacSys.SchLib
Replace Part PS6 MDW1047 in D:\Designing\SixSwitchRectifier\PowerManagement.SchDoc with MDW1047 from SamacSys.SchLib
Replace Part PS7 MDW1047 in D:\Designing\SixSwitchRectifier\PowerManagement.SchDoc with MDW1047 from SamacSys.SchLib
Replace Part PS8 MDW1047 in D:\Designing\SixSwitchRectifier\PowerManagement.SchDoc with MDW1047 from SamacSys.SchLib
Replace Part PS9 MDW1047 in D:\Designing\SixSwitchRectifier\PowerManagement.SchDoc with MDW1047 from SamacSys.SchLib
Replace Part R86 R in D:\Designing\SixSwitchRectifier\PowerManagement.SchDoc with R from ViennaRectifier.SchLib
