Change Component Designator: Old Designator=C30 New Designator=C31
Change Component Designator: Old Designator=C31 New Designator=C32
Change Component Designator: Old Designator=C32 New Designator=C33
Change Component Designator: Old Designator=C33 New Designator=C34
Change Component Designator: Old Designator=C34 New Designator=C35
Change Component Designator: Old Designator=C35 New Designator=C36
Change Component Designator: Old Designator=C? New Designator=C30
Change Component Designator: Old Designator=L3 New Designator=L4
Change Component Designator: Old Designator=L4 New Designator=L5
Change Component Designator: Old Designator=L5 New Designator=L6
Change Component Designator: Old Designator=L6 New Designator=L7
Change Component Designator: Old Designator=L7 New Designator=L8
Change Component Designator: Old Designator=L8 New Designator=L9
Change Component Designator: Old Designator=L? New Designator=L3
Change Component Designator: Old Designator=PS3 New Designator=PS4
Change Component Designator: Old Designator=PS4 New Designator=PS5
Change Component Designator: Old Designator=PS5 New Designator=PS6
Change Component Designator: Old Designator=PS6 New Designator=PS7
Change Component Designator: Old Designator=PS7 New Designator=PS8
Change Component Designator: Old Designator=PS8 New Designator=PS9
Change Component Designator: Old Designator=PS? New Designator=PS3
