Added Component: Designator=J3(DIMM100)
Added Pin To Net: NetName=GND Pin=J3-6
Added Pin To Net: NetName=ADC-B0 Pin=J3-7
Added Pin To Net: NetName=GND Pin=J3-8
Added Pin To Net: NetName=ADC-B1 Pin=J3-9
Added Pin To Net: NetName=GND Pin=J3-10
Added Pin To Net: NetName=ADC-B2 Pin=J3-11
Added Pin To Net: NetName=GND Pin=J3-12
Added Pin To Net: NetName=ADC-B3 Pin=J3-13
Added Pin To Net: NetName=GND Pin=J3-14
Added Pin To Net: NetName=NetJ3_15 Pin=J3-15
Added Pin To Net: NetName=NetJ3_17 Pin=J3-17
Added Pin To Net: NetName=GPIO-58 Pin=J3-18
Added Pin To Net: NetName=NetJ3_19 Pin=J3-19
Added Pin To Net: NetName=GPIO-60 Pin=J3-20
Added Pin To Net: NetName=NetJ3_21 Pin=J3-21
Added Pin To Net: NetName=GPIO-62 Pin=J3-22
Added Pin To Net: NetName=GPIO-0 Pin=J3-23
Added Pin To Net: NetName=GPIO-2 Pin=J3-24
Added Pin To Net: NetName=GPIO-4 Pin=J3-25
Added Pin To Net: NetName=NetJ3_26 Pin=J3-26
Added Pin To Net: NetName=GND Pin=J3-27
Added Pin To Net: NetName=NetJ3_28 Pin=J3-28
Added Pin To Net: NetName=NetJ3_29 Pin=J3-29
Added Pin To Net: NetName=NetJ3_30 Pin=J3-30
Added Pin To Net: NetName=NetJ3_31 Pin=J3-31
Added Pin To Net: NetName=NetJ3_32 Pin=J3-32
Added Pin To Net: NetName=NetJ3_33 Pin=J3-33
Added Pin To Net: NetName=NetJ3_34 Pin=J3-34
Added Pin To Net: NetName=NetJ3_35 Pin=J3-35
Added Pin To Net: NetName=NetJ3_36 Pin=J3-36
Added Pin To Net: NetName=GND Pin=J3-37
Added Pin To Net: NetName=GPIO-16 Pin=J3-38
Added Pin To Net: NetName=GPIO-18 Pin=J3-39
Added Pin To Net: NetName=NetJ3_40 Pin=J3-40
Added Pin To Net: NetName=NetJ3_41 Pin=J3-41
Added Pin To Net: NetName=NetJ3_42 Pin=J3-42
Added Pin To Net: NetName=NetJ3_43 Pin=J3-43
Added Pin To Net: NetName=GPIO-30 Pin=J3-44
Added Pin To Net: NetName=GPIO-32 Pin=J3-45
Added Pin To Net: NetName=GPIO-34 Pin=J3-46
Added Pin To Net: NetName=GND Pin=J3-47
Added Pin To Net: NetName=TCK Pin=J3-48
Added Pin To Net: NetName=TMS Pin=J3-49
Added Pin To Net: NetName=EMU1 Pin=J3-50
Added Pin To Net: NetName=GND Pin=J3-56
Added Pin To Net: NetName=ADC-A0 Pin=J3-57
Added Pin To Net: NetName=GND Pin=J3-58
Added Pin To Net: NetName=ADC-A1 Pin=J3-59
Added Pin To Net: NetName=GND Pin=J3-60
Added Pin To Net: NetName=ADC-A2 Pin=J3-61
Added Pin To Net: NetName=GND Pin=J3-62
Added Pin To Net: NetName=ADC-A3 Pin=J3-63
Added Pin To Net: NetName=GND Pin=J3-64
Added Pin To Net: NetName=NetJ3_65 Pin=J3-65
Added Pin To Net: NetName=NetJ3_67 Pin=J3-67
Added Pin To Net: NetName=GPIO-59 Pin=J3-68
Added Pin To Net: NetName=NetJ3_69 Pin=J3-69
Added Pin To Net: NetName=GPIO-61 Pin=J3-70
Added Pin To Net: NetName=NetJ3_71 Pin=J3-71
Added Pin To Net: NetName=GPIO-63 Pin=J3-72
Added Pin To Net: NetName=GPIO-1 Pin=J3-73
Added Pin To Net: NetName=GPIO-3 Pin=J3-74
Added Pin To Net: NetName=GPIO-5 Pin=J3-75
Added Pin To Net: NetName=NetJ3_76 Pin=J3-76
Added Pin To Net: NetName=+5 Pin=J3-77
Added Pin To Net: NetName=NetJ3_78 Pin=J3-78
Added Pin To Net: NetName=NetJ3_79 Pin=J3-79
Added Pin To Net: NetName=NetJ3_80 Pin=J3-80
Added Pin To Net: NetName=NetJ3_81 Pin=J3-81
Added Pin To Net: NetName=+5 Pin=J3-82
Added Pin To Net: NetName=NetJ3_83 Pin=J3-83
Added Pin To Net: NetName=NetJ3_84 Pin=J3-84
Added Pin To Net: NetName=NetJ3_85 Pin=J3-85
Added Pin To Net: NetName=NetJ3_86 Pin=J3-86
Added Pin To Net: NetName=+5 Pin=J3-87
Added Pin To Net: NetName=NetJ3_88 Pin=J3-88
Added Pin To Net: NetName=GPIO-19 Pin=J3-89
Added Pin To Net: NetName=NetJ3_90 Pin=J3-90
Added Pin To Net: NetName=NetJ3_91 Pin=J3-91
Added Pin To Net: NetName=+5 Pin=J3-92
Added Pin To Net: NetName=GPIO-29 Pin=J3-93
Added Pin To Net: NetName=GPIO-31 Pin=J3-94
Added Pin To Net: NetName=GPIO-33 Pin=J3-95
Added Pin To Net: NetName=+5 Pin=J3-96
Added Pin To Net: NetName=TDI Pin=J3-97
Added Pin To Net: NetName=TDO Pin=J3-98
Added Pin To Net: NetName=TRSTn Pin=J3-99
Added Pin To Net: NetName=EMU0 Pin=J3-100
Added Member To Class: ClassName=U_Controller Member=Component J3 DIMM100
