Removed Pin From Net: NetName=NetC42_1 Pin=Q1-1
Removed Pin From Net: NetName=NetL10_2 Pin=Q1-2
Removed Pin From Net: NetName=0V_ISO_A1 Pin=Q1-3
Removed Pin From Net: NetName=NetD1_2 Pin=Q1-4
Removed Pin From Net: NetName=NetC42_1 Pin=Q2-1
Removed Pin From Net: NetName=NetL11_2 Pin=Q2-2
Removed Pin From Net: NetName=0V_ISO_B1 Pin=Q2-3
Removed Pin From Net: NetName=NetD2_2 Pin=Q2-4
Removed Pin From Net: NetName=NetC42_1 Pin=Q3-1
Removed Pin From Net: NetName=NetL12_2 Pin=Q3-2
Removed Pin From Net: NetName=0V_ISO_A2 Pin=Q3-3
Removed Pin From Net: NetName=NetD3_2 Pin=Q3-4
Removed Pin From Net: NetName=NetL10_2 Pin=Q4-1
Removed Pin From Net: NetName=NetC42_2 Pin=Q4-2
Removed Pin From Net: NetName=0V_ISO_B2 Pin=Q4-3
Removed Pin From Net: NetName=NetD4_2 Pin=Q4-4
Removed Pin From Net: NetName=NetL11_2 Pin=Q5-1
Removed Pin From Net: NetName=NetC42_2 Pin=Q5-2
Removed Pin From Net: NetName=0V_ISO_A3 Pin=Q5-3
Removed Pin From Net: NetName=NetD5_2 Pin=Q5-4
Removed Pin From Net: NetName=NetL12_2 Pin=Q6-1
Removed Pin From Net: NetName=NetC42_2 Pin=Q6-2
Removed Pin From Net: NetName=0V_ISO_B3 Pin=Q6-3
Removed Pin From Net: NetName=NetD6_2 Pin=Q6-4
Change Component Designator: OldDesignator=C2 NewDesignator=C1
Change Component Designator: OldDesignator=C3 NewDesignator=C2
Change Component Designator: OldDesignator=C4 NewDesignator=C3
Change Component Designator: OldDesignator=C5 NewDesignator=C4
Change Component Designator: OldDesignator=C6 NewDesignator=C5
Change Component Designator: OldDesignator=C7 NewDesignator=C6
Change Component Designator: OldDesignator=C8 NewDesignator=C7
Change Component Designator: OldDesignator=C9 NewDesignator=C8
Change Component Designator: OldDesignator=C10 NewDesignator=C9
Change Component Designator: OldDesignator=C11 NewDesignator=C10
Change Component Designator: OldDesignator=C12 NewDesignator=C11
Change Component Designator: OldDesignator=C13 NewDesignator=C12
Change Component Designator: OldDesignator=C14 NewDesignator=C13
Change Component Designator: OldDesignator=C15 NewDesignator=C14
Change Component Designator: OldDesignator=C16 NewDesignator=C15
Change Component Designator: OldDesignator=C17 NewDesignator=C16
Change Component Designator: OldDesignator=C18 NewDesignator=C17
Change Component Designator: OldDesignator=C19 NewDesignator=C18
Change Component Designator: OldDesignator=C20 NewDesignator=C19
Change Component Designator: OldDesignator=C21 NewDesignator=C20
Change Component Designator: OldDesignator=C22 NewDesignator=C21
Change Component Designator: OldDesignator=C23 NewDesignator=C22
Change Component Designator: OldDesignator=C24 NewDesignator=C23
Change Component Designator: OldDesignator=C25 NewDesignator=C24
Change Component Designator: OldDesignator=C26 NewDesignator=C25
Change Component Designator: OldDesignator=C27 NewDesignator=C26
Change Component Designator: OldDesignator=C28 NewDesignator=C27
Change Component Designator: OldDesignator=C29 NewDesignator=C28
Change Component Designator: OldDesignator=C30 NewDesignator=C29
Change Component Designator: OldDesignator=C31 NewDesignator=C30
Change Component Designator: OldDesignator=C32 NewDesignator=C31
Change Component Designator: OldDesignator=C33 NewDesignator=C32
Change Component Designator: OldDesignator=C34 NewDesignator=C33
Change Component Designator: OldDesignator=C35 NewDesignator=C34
Change Component Designator: OldDesignator=C36 NewDesignator=C35
Change Component Designator: OldDesignator=C37 NewDesignator=C36
Change Component Designator: OldDesignator=C38 NewDesignator=C37
Change Component Designator: OldDesignator=C39 NewDesignator=C38
Change Component Designator: OldDesignator=C40 NewDesignator=C39
Change Component Designator: OldDesignator=C41 NewDesignator=C40
Change Component Designator: OldDesignator=C42 NewDesignator=C41
Change Component Designator: OldDesignator=C43 NewDesignator=C42
Change Component Designator: OldDesignator=C44 NewDesignator=C43
Change Component Designator: OldDesignator=C45 NewDesignator=C44
Change Component Designator: OldDesignator=HS NewDesignator=HS1
Added Component: Designator=Q1(TW015Z120C)
Added Component: Designator=Q2(TW015Z120C)
Added Component: Designator=Q3(TW015Z120C)
Added Component: Designator=Q4(TW015Z120C)
Added Component: Designator=Q5(TW015Z120C)
Added Component: Designator=Q6(TW015Z120C)
Added Pin To Net: NetName=NetC42_1 Pin=Q1-1
Added Pin To Net: NetName=NetL10_2 Pin=Q1-2
Added Pin To Net: NetName=0V_ISO_A1 Pin=Q1-3
Added Pin To Net: NetName=NetD1_2 Pin=Q1-4
Added Pin To Net: NetName=NetC42_1 Pin=Q2-1
Added Pin To Net: NetName=NetL11_2 Pin=Q2-2
Added Pin To Net: NetName=0V_ISO_B1 Pin=Q2-3
Added Pin To Net: NetName=NetD2_2 Pin=Q2-4
Added Pin To Net: NetName=NetC42_1 Pin=Q3-1
Added Pin To Net: NetName=NetL12_2 Pin=Q3-2
Added Pin To Net: NetName=0V_ISO_A2 Pin=Q3-3
Added Pin To Net: NetName=NetD3_2 Pin=Q3-4
Added Pin To Net: NetName=NetL10_2 Pin=Q4-1
Added Pin To Net: NetName=NetC42_2 Pin=Q4-2
Added Pin To Net: NetName=0V_ISO_B2 Pin=Q4-3
Added Pin To Net: NetName=NetD4_2 Pin=Q4-4
Added Pin To Net: NetName=NetL11_2 Pin=Q5-1
Added Pin To Net: NetName=NetC42_2 Pin=Q5-2
Added Pin To Net: NetName=0V_ISO_A3 Pin=Q5-3
Added Pin To Net: NetName=NetD5_2 Pin=Q5-4
Added Pin To Net: NetName=NetL12_2 Pin=Q6-1
Added Pin To Net: NetName=NetC42_2 Pin=Q6-2
Added Pin To Net: NetName=0V_ISO_B3 Pin=Q6-3
Added Pin To Net: NetName=NetD6_2 Pin=Q6-4
Change Net Name : Old Net Name=NetC3_1 New Net Name=NetC2_1
Change Net Name : Old Net Name=NetC7_1 New Net Name=NetC6_1
Change Net Name : Old Net Name=NetC11_1 New Net Name=NetC10_1
Change Net Name : Old Net Name=NetC14_1 New Net Name=NetC13_1
Change Net Name : Old Net Name=NetC15_1 New Net Name=NetC14_1
Change Net Name : Old Net Name=NetC16_1 New Net Name=NetC15_1
Change Net Name : Old Net Name=NetC17_1 New Net Name=NetC16_1
Change Net Name : Old Net Name=NetC18_1 New Net Name=NetC17_1
Change Net Name : Old Net Name=NetC19_1 New Net Name=NetC18_1
Change Net Name : Old Net Name=NetC22_1 New Net Name=NetC21_1
Change Net Name : Old Net Name=NetC23_1 New Net Name=NetC22_1
Change Net Name : Old Net Name=NetC25_1 New Net Name=NetC24_1
Change Net Name : Old Net Name=NetC27_1 New Net Name=NetC26_1
Change Net Name : Old Net Name=NetC28_1 New Net Name=NetC27_1
Change Net Name : Old Net Name=NetC29_1 New Net Name=NetC28_1
Change Net Name : Old Net Name=NetC33_1 New Net Name=NetC32_1
Change Net Name : Old Net Name=NetC34_1 New Net Name=NetC33_1
Change Net Name : Old Net Name=NetC37_1 New Net Name=NetC36_1
Change Net Name : Old Net Name=NetC39_1 New Net Name=NetC38_1
Change Net Name : Old Net Name=NetC42_1 New Net Name=NetC41_1
Change Net Name : Old Net Name=NetC42_2 New Net Name=NetC41_2
