Removed Member From Class: ClassName=U_GateDriverSketch Member=C18
Removed Member From Class: ClassName=U_InputCurrentSensingSketch Member=C18
Removed Member From Class: ClassName=U_InputVoltageSensingSketch Member=C21
Removed Member From Class: ClassName=U_PowerController Member=C40
Removed Member From Class: ClassName=U_Controller Member=C43
Add Component: Footprint Not Found C60075VE
Added Member To Class: ClassName=U_GateDriverSketch Member=Component C3 0.1uF
Added Member To Class: ClassName=U_GateDriverSketch Member=Component C4 1uF
Added Member To Class: ClassName=U_GateDriverSketch Member=Component C5 0.1uF
Added Member To Class: ClassName=U_GateDriverSketch Member=Component C6 0.1uF
Added Member To Class: ClassName=U_GateDriverSketch Member=Component C7 0.1uF
Added Member To Class: ClassName=U_GateDriverSketch Member=Component C8 1uF
Added Member To Class: ClassName=U_GateDriverSketch Member=Component C10 0.1uF
Added Member To Class: ClassName=U_GateDriverSketch Member=Component C12 1uF
Added Member To Class: ClassName=U_GateDriverSketch Member=Component C13 0.1uF
Added Member To Class: ClassName=U_InputCurrentSensingSketch Member=Component C14 0.1uF
Added Member To Class: ClassName=U_InputCurrentSensingSketch Member=Component C15 0.1uF
Added Member To Class: ClassName=U_InputCurrentSensingSketch Member=Component C16 0.1uF
Added Member To Class: ClassName=U_InputVoltageSensingSketch Member=Component C17 0.1uF
Added Member To Class: ClassName=U_InputVoltageSensingSketch Member=Component C19 0.1uF
Added Member To Class: ClassName=U_PowerController Member=Component C20 C2012X7R1H155K125AC
Added Member To Class: ClassName=U_PowerController Member=Component C22 CGA4J1X7R1E335K125AC
Added Member To Class: ClassName=U_PowerController Member=Component C24 0.1uF
Added Member To Class: ClassName=U_PowerController Member=Component C26 0.1uF
Added Member To Class: ClassName=U_PowerController Member=Component C27 CGA4J1X7R1E335K125AC
Added Member To Class: ClassName=U_PowerController Member=Component C29 CGA4J1X7R1E335K125AC
Added Member To Class: ClassName=U_PowerController Member=Component C31 0.1uF
Added Member To Class: ClassName=U_PowerController Member=Component C33 CGA4J1X7R1E335K125AC
Added Member To Class: ClassName=U_PowerController Member=Component C35 0.1uF
Added Member To Class: ClassName=U_PowerController Member=Component C37 CGA4J1X7R1E335K125AC
Added Member To Class: ClassName=U_PowerController Member=Component C38 0.1uF
Added Member To Class: ClassName=U_Controller Member=Component C39 C0805C104K3RACTU
Added Member To Class: ClassName=U_Controller Member=Component C41 C1206C106K3RACTU
Added Member To Class: ClassName=U_MainCircuit Member=Component C42 C
Added Member To Class: ClassName=U_MainCircuit Member=Component C44 C
Add Class Member: Failed to add class member : Component HS C60-075-VE
