Removed Pin From Net: NetName=NetL10_2 Pin=Q4-1
Removed Pin From Net: NetName=NetC41_2 Pin=Q4-2
Removed Pin From Net: NetName=0V_ISO_B2 Pin=Q4-3
Removed Pin From Net: NetName=NetD4_2 Pin=Q4-4
Removed Pin From Net: NetName=NetL11_2 Pin=Q5-1
Removed Pin From Net: NetName=NetC41_2 Pin=Q5-2
Removed Pin From Net: NetName=0V_ISO_A3 Pin=Q5-3
Removed Pin From Net: NetName=NetD5_2 Pin=Q5-4
Removed Pin From Net: NetName=NetL12_2 Pin=Q6-1
Removed Pin From Net: NetName=NetC41_2 Pin=Q6-2
Removed Pin From Net: NetName=0V_ISO_B3 Pin=Q6-3
Removed Pin From Net: NetName=NetD6_2 Pin=Q6-4
Removed Member From Class: ClassName=U_MainCircuit Member=Q4
Removed Member From Class: ClassName=U_MainCircuit Member=Q5
Removed Member From Class: ClassName=U_MainCircuit Member=Q6
Change Footprint: Cannot match pads with new footprint in component :Q1 Footprint:C247-050-2VE
Change Footprint: Cannot match pads with new footprint in component :Q2 Footprint:C247-050-2VE
Change Footprint: Cannot match pads with new footprint in component :Q3 Footprint:C247-050-2VE
Add Pin To Net: Unknown Pin: Pin Q1-5
Add Pin To Net: Unknown Pin: Pin Q1-6
Add Pin To Net: Unknown Pin: Pin Q1-7
Add Pin To Net: Unknown Pin: Pin Q1-8
Add Pin To Net: Unknown Pin: Pin Q2-5
Add Pin To Net: Unknown Pin: Pin Q2-6
Add Pin To Net: Unknown Pin: Pin Q2-7
Add Pin To Net: Unknown Pin: Pin Q2-8
Add Pin To Net: Unknown Pin: Pin Q3-5
Add Pin To Net: Unknown Pin: Pin Q3-6
Add Pin To Net: Unknown Pin: Pin Q3-7
Add Pin To Net: Unknown Pin: Pin Q3-8
