Removed Pin From Net: NetName=NetC41_1 Pin=Q1-1
Removed Pin From Net: NetName=NetL10_2 Pin=Q1-2
Removed Pin From Net: NetName=NetC41_1 Pin=Q2-1
Removed Pin From Net: NetName=NetL11_2 Pin=Q2-2
Removed Pin From Net: NetName=NetC41_1 Pin=Q3-1
Removed Pin From Net: NetName=NetL12_2 Pin=Q3-2
Added Component: Designator=Q1(C247-050-2VE)
Added Component: Designator=Q2(C247-050-2VE)
Added Component: Designator=Q3(C247-050-2VE)
Added Pin To Net: NetName=NetC41_1 Pin=Q1-1
Added Pin To Net: NetName=NetL10_2 Pin=Q1-2
Add Pin To Net: Unknown Pin: Pin Q1-3
Add Pin To Net: Unknown Pin: Pin Q1-4
Add Pin To Net: Unknown Pin: Pin Q1-5
Add Pin To Net: Unknown Pin: Pin Q1-6
Add Pin To Net: Unknown Pin: Pin Q1-7
Add Pin To Net: Unknown Pin: Pin Q1-8
Added Pin To Net: NetName=NetC41_1 Pin=Q2-1
Added Pin To Net: NetName=NetL11_2 Pin=Q2-2
Add Pin To Net: Unknown Pin: Pin Q2-3
Add Pin To Net: Unknown Pin: Pin Q2-4
Add Pin To Net: Unknown Pin: Pin Q2-5
Add Pin To Net: Unknown Pin: Pin Q2-6
Add Pin To Net: Unknown Pin: Pin Q2-7
Add Pin To Net: Unknown Pin: Pin Q2-8
Added Pin To Net: NetName=NetC41_1 Pin=Q3-1
Added Pin To Net: NetName=NetL12_2 Pin=Q3-2
Add Pin To Net: Unknown Pin: Pin Q3-3
Add Pin To Net: Unknown Pin: Pin Q3-4
Add Pin To Net: Unknown Pin: Pin Q3-5
Add Pin To Net: Unknown Pin: Pin Q3-6
Add Pin To Net: Unknown Pin: Pin Q3-7
Add Pin To Net: Unknown Pin: Pin Q3-8
