Removed Pin From Net: NetName=NetD10_2 Pin=IC2-1
Removed Pin From Net: NetName=NetD10_1 Pin=IC2-2
Removed Pin From Net: NetName=NetC13_1 Pin=IC4-1
Removed Pin From Net: NetName=NetC15_1 Pin=IC5-1
Removed Pin From Net: NetName=NetIC5_2 Pin=IC5-2
Removed Pin From Net: NetName=GND Pin=IC5-3
Removed Pin From Net: NetName=-15 Pin=IC5-4
Removed Pin From Net: NetName=+15 Pin=IC5-8
Removed Pin From Net: NetName=NetD16_2 Pin=IC6-1
Removed Pin From Net: NetName=NetD16_1 Pin=IC6-2
Removed Pin From Net: NetName=GND Pin=IC6-3
Removed Pin From Net: NetName=-15 Pin=IC6-4
Removed Pin From Net: NetName=GND Pin=IC6-5
Removed Pin From Net: NetName=NetIC6_6 Pin=IC6-6
Removed Pin From Net: NetName=ADC-B0 Pin=IC6-7
Removed Pin From Net: NetName=+15 Pin=IC6-8
Removed Pin From Net: NetName=NetD19_2 Pin=IC7-1
Removed Pin From Net: NetName=NetD19_1 Pin=IC7-2
Removed Pin From Net: NetName=NetD22_2 Pin=IC8-1
Removed Pin From Net: NetName=NetD22_1 Pin=IC8-2
Removed Pin From Net: NetName=NetIC5_2 Pin=R41-1
Removed Pin From Net: NetName=NetIC5_2 Pin=R44-2
Removed Member From Class: ClassName=U_InputCurrentSensingSketch Member=IC5
Removed Member From Class: ClassName=U_InputVoltageSensingSketch Member=IC6
Removed Member From Class: ClassName=U_GateDriverSketch Member=R99
Removed Member From Class: ClassName=U_GateDriverSketch Member=R100
Removed Member From Class: ClassName=U_GateDriverSketch Member=R108
Change Component Designator: OldDesignator=IC1 NewDesignator=IC4
Change Component Designator: OldDesignator=IC2 NewDesignator=IC5
Change Component Designator: OldDesignator=IC3 NewDesignator=IC7
Change Component Designator: OldDesignator=IC4 NewDesignator=IC6
Change Component Designator: OldDesignator=IC7 NewDesignator=IC9
Change Component Designator: OldDesignator=IC8 NewDesignator=IC11
Change Component Designator: OldDesignator=IC9 NewDesignator=IC10
Change Component Designator: OldDesignator=IC10 NewDesignator=IC13
Change Component Designator: OldDesignator=IC11 NewDesignator=IC1
Change Component Designator: OldDesignator=IC12 NewDesignator=IC2
Change Component Designator: OldDesignator=IC13 NewDesignator=IC3
Change Component Designator: OldDesignator=R2 NewDesignator=R4
Change Component Designator: OldDesignator=R3 NewDesignator=R5
Change Component Designator: OldDesignator=R4 NewDesignator=R53
Change Component Designator: OldDesignator=R5 NewDesignator=R6
Change Component Designator: OldDesignator=R6 NewDesignator=R9
Change Component Designator: OldDesignator=R7 NewDesignator=R56
Change Component Designator: OldDesignator=R8 NewDesignator=R10
Change Component Designator: OldDesignator=R9 NewDesignator=R11
Change Component Designator: OldDesignator=R10 NewDesignator=R14
Change Component Designator: OldDesignator=R11 NewDesignator=R15
Change Component Designator: OldDesignator=R12 NewDesignator=R16
Change Component Designator: OldDesignator=R13 NewDesignator=R17
Change Component Designator: OldDesignator=R14 NewDesignator=R18
Change Component Designator: OldDesignator=R15 NewDesignator=R66
Change Component Designator: OldDesignator=R16 NewDesignator=R19
Change Component Designator: OldDesignator=R17 NewDesignator=R21
Change Component Designator: OldDesignator=R18 NewDesignator=R69
Change Component Designator: OldDesignator=R19 NewDesignator=R22
Change Component Designator: OldDesignator=R20 NewDesignator=R24
Change Component Designator: OldDesignator=R21 NewDesignator=R25
Change Component Designator: OldDesignator=R22 NewDesignator=R26
Change Component Designator: OldDesignator=R23 NewDesignator=R27
Change Component Designator: OldDesignator=R24 NewDesignator=R28
Change Component Designator: OldDesignator=R25 NewDesignator=R29
Change Component Designator: OldDesignator=R26 NewDesignator=R79
Change Component Designator: OldDesignator=R27 NewDesignator=R30
Change Component Designator: OldDesignator=R28 NewDesignator=R31
Change Component Designator: OldDesignator=R29 NewDesignator=R82
Change Component Designator: OldDesignator=R30 NewDesignator=R32
Change Component Designator: OldDesignator=R31 NewDesignator=R33
Change Component Designator: OldDesignator=R32 NewDesignator=R34
Change Component Designator: OldDesignator=R33 NewDesignator=R35
Change Component Designator: OldDesignator=R34 NewDesignator=R36
Change Component Designator: OldDesignator=R35 NewDesignator=R37
Change Component Designator: OldDesignator=R36 NewDesignator=R38
Change Component Designator: OldDesignator=R37 NewDesignator=R20
Change Component Designator: OldDesignator=R38 NewDesignator=R39
Change Component Designator: OldDesignator=R39 NewDesignator=R40
Change Component Designator: OldDesignator=R40 NewDesignator=R23
Change Component Designator: OldDesignator=R53 NewDesignator=R54
Change Component Designator: OldDesignator=R54 NewDesignator=R55
Change Component Designator: OldDesignator=R55 NewDesignator=R57
Change Component Designator: OldDesignator=R56 NewDesignator=R58
Change Component Designator: OldDesignator=R57 NewDesignator=R59
Change Component Designator: OldDesignator=R58 NewDesignator=R60
Change Component Designator: OldDesignator=R59 NewDesignator=R61
Change Component Designator: OldDesignator=R60 NewDesignator=R62
Change Component Designator: OldDesignator=R61 NewDesignator=R63
Change Component Designator: OldDesignator=R62 NewDesignator=R64
Change Component Designator: OldDesignator=R63 NewDesignator=R65
Change Component Designator: OldDesignator=R64 NewDesignator=R88
Change Component Designator: OldDesignator=R65 NewDesignator=R67
Change Component Designator: OldDesignator=R66 NewDesignator=R68
Change Component Designator: OldDesignator=R67 NewDesignator=R89
Change Component Designator: OldDesignator=R68 NewDesignator=R70
Change Component Designator: OldDesignator=R69 NewDesignator=R90
Change Component Designator: OldDesignator=R70 NewDesignator=R71
Change Component Designator: OldDesignator=R71 NewDesignator=R72
Change Component Designator: OldDesignator=R72 NewDesignator=R73
Change Component Designator: OldDesignator=R73 NewDesignator=R74
Change Component Designator: OldDesignator=R74 NewDesignator=R75
Change Component Designator: OldDesignator=R75 NewDesignator=R76
Change Component Designator: OldDesignator=R76 NewDesignator=R77
Change Component Designator: OldDesignator=R77 NewDesignator=R78
Change Component Designator: OldDesignator=R78 NewDesignator=R80
Change Component Designator: OldDesignator=R79 NewDesignator=R81
Change Component Designator: OldDesignator=R80 NewDesignator=R91
Change Component Designator: OldDesignator=R81 NewDesignator=R83
Change Component Designator: OldDesignator=R82 NewDesignator=R84
Change Component Designator: OldDesignator=R83 NewDesignator=R85
Change Component Designator: OldDesignator=R84 NewDesignator=R86
Change Component Designator: OldDesignator=R85 NewDesignator=R87
Change Component Designator: OldDesignator=R86 NewDesignator=R92
Change Component Designator: OldDesignator=R87 NewDesignator=R93
Change Component Designator: OldDesignator=R88 NewDesignator=R94
Change Component Designator: OldDesignator=R89 NewDesignator=R96
Change Component Designator: OldDesignator=R90 NewDesignator=R97
Change Component Designator: OldDesignator=R99 NewDesignator=R2
Change Component Designator: OldDesignator=R100 NewDesignator=R3
Change Component Designator: OldDesignator=R107 NewDesignator=R7
Change Component Designator: OldDesignator=R108 NewDesignator=R8
Change Component Designator: OldDesignator=R115 NewDesignator=R12
Change Component Designator: OldDesignator=R116 NewDesignator=R13
Change Component Designator: OldDesignator=TP_IA NewDesignator=TP_IA1
Change Component Designator: OldDesignator=TP_IB NewDesignator=TP_IB1
Change Component Designator: OldDesignator=TP_IC NewDesignator=TP_IC1
Change Component Designator: OldDesignator=TP_Idc NewDesignator=TP_Idc1
Change Component Designator: OldDesignator=TP_NIA NewDesignator=TP_NIA1
Change Component Designator: OldDesignator=TP_NIB NewDesignator=TP_NIB1
Change Component Designator: OldDesignator=TP_NIC NewDesignator=TP_NIC1
Change Component Designator: OldDesignator=TP_NP NewDesignator=TP_NP1
Change Component Designator: OldDesignator=TP_NVA NewDesignator=TP_NVA1
Change Component Designator: OldDesignator=TP_NVB NewDesignator=TP_NVB1
Change Component Designator: OldDesignator=TP_NVC NewDesignator=TP_NVC1
Change Component Designator: OldDesignator=TP_VA NewDesignator=TP_VA1
Change Component Designator: OldDesignator=TP_VB NewDesignator=TP_VB1
Change Component Designator: OldDesignator=TP_VC NewDesignator=TP_VC1
Change Component Designator: OldDesignator=TP_Vdc NewDesignator=TP_Vdc1
Change Component Designator: OldDesignator=TP_VLA NewDesignator=TP_VLA1
Change Component Designator: OldDesignator=TP_VLB NewDesignator=TP_VLB1
Change Component Designator: OldDesignator=TP_VLC NewDesignator=TP_VLC1
Change Component Designator: OldDesignator=TP_VN NewDesignator=TP_VN1
Change Component Designator: OldDesignator=TP_VP NewDesignator=TP_VP1
Change Component Designator: OldDesignator=Z7 NewDesignator=Z13
Change Component Designator: OldDesignator=Z8 NewDesignator=Z14
Change Component Designator: OldDesignator=Z9 NewDesignator=Z7
Change Component Designator: OldDesignator=Z10 NewDesignator=Z8
Change Component Designator: OldDesignator=Z11 NewDesignator=Z9
Change Component Designator: OldDesignator=Z12 NewDesignator=Z10
Change Component Designator: OldDesignator=Z13 NewDesignator=Z11
Change Component Designator: OldDesignator=Z14 NewDesignator=Z12
Added Component: Designator=IC8(SOIC127P600X175-8N)
Add component (AddParameter): Name = "Arrow Part Number"; Value = "LM358D"; VariantName = "[No Variations]"
Add component (AddParameter): Name = "Arrow Price/Stock"; Value = "https://www.arrow.com/en/products/lm358d/texas-instruments?region=nac"; VariantName = "[No Variations]"
Add component (AddParameter): Name = "Datasheet Link"; Value = "http://www.ti.com/lit/ds/symlink/lm358.pdf"; VariantName = "[No Variations]"
Add component (AddParameter): Name = "Height"; Value = "1.75mm"; VariantName = "[No Variations]"
Add component (AddParameter): Name = "Manufacturer_Name"; Value = "Texas Instruments"; VariantName = "[No Variations]"
Add component (AddParameter): Name = "Manufacturer_Part_Number"; Value = "LM358D"; VariantName = "[No Variations]"
Add component (AddParameter): Name = "Mouser Part Number"; Value = "595-LM358D"; VariantName = "[No Variations]"
Add component (AddParameter): Name = "Mouser Price/Stock"; Value = "https://www.mouser.co.uk/ProductDetail/Texas-Instruments/LM358D?qs=X1HXWTtiZ0RJBM%2FvBfVo8g%3D%3D"; VariantName = "[No Variations]"
Added Component: Designator=IC12(SOIC127P600X175-8N)
Add component (AddParameter): Name = "Arrow Part Number"; Value = "LM358D"; VariantName = "[No Variations]"
Add component (AddParameter): Name = "Arrow Price/Stock"; Value = "https://www.arrow.com/en/products/lm358d/texas-instruments?region=nac"; VariantName = "[No Variations]"
Add component (AddParameter): Name = "Datasheet Link"; Value = "http://www.ti.com/lit/ds/symlink/lm358.pdf"; VariantName = "[No Variations]"
Add component (AddParameter): Name = "Height"; Value = "1.75mm"; VariantName = "[No Variations]"
Add component (AddParameter): Name = "Manufacturer_Name"; Value = "Texas Instruments"; VariantName = "[No Variations]"
Add component (AddParameter): Name = "Manufacturer_Part_Number"; Value = "LM358D"; VariantName = "[No Variations]"
Add component (AddParameter): Name = "Mouser Part Number"; Value = "595-LM358D"; VariantName = "[No Variations]"
Add component (AddParameter): Name = "Mouser Price/Stock"; Value = "https://www.mouser.co.uk/ProductDetail/Texas-Instruments/LM358D?qs=X1HXWTtiZ0RJBM%2FvBfVo8g%3D%3D"; VariantName = "[No Variations]"
Added Component: Designator=Q1(C247-050-2VE)
Added Component: Designator=Q2(C247-050-2VE)
Added Component: Designator=Q3(C247-050-2VE)
Added Pin To Net: NetName=NetC13_1 Pin=IC5-1
Added Pin To Net: NetName=NetIC5_2 Pin=IC5-2
Added Pin To Net: NetName=NetD10_2 Pin=IC6-1
Added Pin To Net: NetName=NetD10_1 Pin=IC6-2
Added Pin To Net: NetName=NetC15_1 Pin=IC8-1
Added Pin To Net: NetName=GND Pin=IC8-3
Added Pin To Net: NetName=-15 Pin=IC8-4
Added Pin To Net: NetName=GND Pin=IC8-5
Added Pin To Net: NetName=NetIC6_6 Pin=IC8-6
Added Pin To Net: NetName=ADC-B0 Pin=IC8-7
Added Pin To Net: NetName=+15 Pin=IC8-8
Added Pin To Net: NetName=NetD16_2 Pin=IC9-1
Added Pin To Net: NetName=NetD16_1 Pin=IC9-2
Added Pin To Net: NetName=NetD19_2 Pin=IC11-1
Added Pin To Net: NetName=NetD19_1 Pin=IC11-2
Added Pin To Net: NetName=NetD22_2 Pin=IC12-1
Added Pin To Net: NetName=NetD22_1 Pin=IC12-2
Added Pin To Net: NetName=GND Pin=IC12-3
Added Pin To Net: NetName=-15 Pin=IC12-4
Added Pin To Net: NetName=+15 Pin=IC12-8
Added Pin To Net: NetName=NetC41_1 Pin=Q1-1
Added Pin To Net: NetName=NetL10_2 Pin=Q1-2
Add Pin To Net: Unknown Pin: Pin Q1-3
Add Pin To Net: Unknown Pin: Pin Q1-4
Add Pin To Net: Unknown Pin: Pin Q1-5
Add Pin To Net: Unknown Pin: Pin Q1-6
Add Pin To Net: Unknown Pin: Pin Q1-7
Add Pin To Net: Unknown Pin: Pin Q1-8
Added Pin To Net: NetName=NetC41_1 Pin=Q2-1
Added Pin To Net: NetName=NetL11_2 Pin=Q2-2
Add Pin To Net: Unknown Pin: Pin Q2-3
Add Pin To Net: Unknown Pin: Pin Q2-4
Add Pin To Net: Unknown Pin: Pin Q2-5
Add Pin To Net: Unknown Pin: Pin Q2-6
Add Pin To Net: Unknown Pin: Pin Q2-7
Add Pin To Net: Unknown Pin: Pin Q2-8
Added Pin To Net: NetName=NetC41_1 Pin=Q3-1
Added Pin To Net: NetName=NetL12_2 Pin=Q3-2
Add Pin To Net: Unknown Pin: Pin Q3-3
Add Pin To Net: Unknown Pin: Pin Q3-4
Add Pin To Net: Unknown Pin: Pin Q3-5
Add Pin To Net: Unknown Pin: Pin Q3-6
Add Pin To Net: Unknown Pin: Pin Q3-7
Add Pin To Net: Unknown Pin: Pin Q3-8
Added Pin To Net: NetName=NetIC5_2 Pin=R19-1
Added Pin To Net: NetName=NetIC5_2 Pin=R22-2
Change Net Name : Old Net Name=NetIC1_6 New Net Name=NetIC4_6
Change Net Name : Old Net Name=NetIC2_6 New Net Name=NetIC5_6
Change Net Name : Old Net Name=NetIC3_6 New Net Name=NetIC7_6
Change Net Name : Old Net Name=NetIC4_6 New Net Name=NetIC6_6
Change Net Name : Old Net Name=NetIC6_6 New Net Name=NetIC8_6
Change Net Name : Old Net Name=NetIC7_6 New Net Name=NetIC9_6
Change Net Name : Old Net Name=NetIC8_6 New Net Name=NetIC11_6
Change Net Name : Old Net Name=NetIC9_2 New Net Name=NetIC10_2
Change Net Name : Old Net Name=NetIC9_6 New Net Name=NetIC10_6
Change Net Name : Old Net Name=NetIC10_2 New Net Name=NetIC13_2
Change Net Name : Old Net Name=NetIC11_6 New Net Name=NetIC1_6
Change Net Name : Old Net Name=NetIC11_10 New Net Name=NetIC1_10
Change Net Name : Old Net Name=NetIC11_15 New Net Name=NetIC1_15
Change Net Name : Old Net Name=NetIC12_6 New Net Name=NetIC2_6
Change Net Name : Old Net Name=NetIC12_10 New Net Name=NetIC2_10
Change Net Name : Old Net Name=NetIC12_15 New Net Name=NetIC2_15
Change Net Name : Old Net Name=NetIC13_6 New Net Name=NetIC3_6
Change Net Name : Old Net Name=NetIC13_10 New Net Name=NetIC3_10
Change Net Name : Old Net Name=NetIC13_15 New Net Name=NetIC3_15
Change Net Name : Old Net Name=NetR4_2 New Net Name=NetR53_2
Change Net Name : Old Net Name=NetR7_2 New Net Name=NetR56_2
Change Net Name : Old Net Name=NetR15_2 New Net Name=NetR66_2
Change Net Name : Old Net Name=NetR18_2 New Net Name=NetR69_2
Change Net Name : Old Net Name=NetR26_2 New Net Name=NetR79_2
Change Net Name : Old Net Name=NetR29_2 New Net Name=NetR82_2
Change Net Name : Old Net Name=NetR64_2 New Net Name=NetR88_2
Change Net Name : Old Net Name=NetR67_2 New Net Name=NetR89_2
Change Net Name : Old Net Name=NetR88_1 New Net Name=NetR94_1
Change Net Name : Old Net Name=NetR89_1 New Net Name=NetR96_1
Change Net Name : Old Net Name=NetR90_1 New Net Name=NetR97_1
Added Pin To Net: NetName=NetIC8_2 Pin=IC8-2
Added Pin To Net: NetName=NetIC8_2 Pin=R41-1
Added Pin To Net: NetName=NetIC8_2 Pin=R44-2
Added Net: Name=NetIC8_2
Added Member To Class: ClassName=U_InputCurrentSensingSketch Member=Component IC8 LM358D
Added Member To Class: ClassName=U_InputVoltageSensingSketch Member=Component IC12 LM358D
Added Member To Class: ClassName=U_MainCircuit Member=Component Q1 SiC MOS
Added Member To Class: ClassName=U_MainCircuit Member=Component Q2 SiC MOS
Added Member To Class: ClassName=U_MainCircuit Member=Component Q3 SiC MOS
Added Member To Class: ClassName=U_GateDriverSketch Member=Component R4 1k
Added Member To Class: ClassName=U_GateDriverSketch Member=Component R14 1k
Added Member To Class: ClassName=U_GateDriverSketch Member=Component R15 10k
