Change Component Footprint: Designator=J3 Old Footprint= New Footprint=DIMM100
Added Pin To Net: NetName=+3.3 Pin=C29-1
Added Pin To Net: NetName=+3.3 Pin=C45-1
Added Pin To Net: NetName=+3.3 Pin=IC13-4
Added Pin To Net: NetName=+3.3 Pin=J8-3
Added Pin To Net: NetName=+3.3 Pin=L2-2
Added Pin To Net: NetName=+3.3 Pin=R92-2
Added Pin To Net: NetName=+3.3 Pin=R93-2
Added Net: Name=+3.3
Added Pin To Net: NetName=+5 Pin=C31-1
Added Pin To Net: NetName=+5 Pin=C46-1
Added Pin To Net: NetName=+5 Pin=IC13-1
Added Pin To Net: NetName=+5 Pin=IC13-2
Added Pin To Net: NetName=+5 Pin=IC14-7
Added Pin To Net: NetName=+5 Pin=IC15-7
Added Pin To Net: NetName=+5 Pin=J3-77
Added Pin To Net: NetName=+5 Pin=J3-82
Added Pin To Net: NetName=+5 Pin=J3-87
Added Pin To Net: NetName=+5 Pin=J3-92
Added Pin To Net: NetName=+5 Pin=J3-96
Added Pin To Net: NetName=+5 Pin=L3-2
Added Net: Name=+5
Added Pin To Net: NetName=+15_ISO_A1 Pin=C1-1
Added Pin To Net: NetName=+15_ISO_A1 Pin=C35-1
Added Pin To Net: NetName=+15_ISO_A1 Pin=IC1-16
Added Pin To Net: NetName=+15_ISO_A1 Pin=L4-2
Added Net: Name=+15_ISO_A1
Added Pin To Net: NetName=+15_ISO_A2 Pin=C5-1
Added Pin To Net: NetName=+15_ISO_A2 Pin=IC2-16
Added Net: Name=+15_ISO_A2
Added Pin To Net: NetName=+15_ISO_A3 Pin=C9-1
Added Pin To Net: NetName=+15_ISO_A3 Pin=IC3-16
Added Net: Name=+15_ISO_A3
Added Pin To Net: NetName=+15_ISO_B1 Pin=C4-1
Added Pin To Net: NetName=+15_ISO_B1 Pin=C40-1
Added Pin To Net: NetName=+15_ISO_B1 Pin=IC1-11
Added Pin To Net: NetName=+15_ISO_B1 Pin=L7-2
Added Net: Name=+15_ISO_B1
Added Pin To Net: NetName=+15_ISO_B2 Pin=C8-1
Added Pin To Net: NetName=+15_ISO_B2 Pin=IC2-11
Added Net: Name=+15_ISO_B2
Added Pin To Net: NetName=+15_ISO_B3 Pin=C12-1
Added Pin To Net: NetName=+15_ISO_B3 Pin=C43-1
Added Pin To Net: NetName=+15_ISO_B3 Pin=IC3-11
Added Pin To Net: NetName=+15_ISO_B3 Pin=L9-2
Added Net: Name=+15_ISO_B3
Added Pin To Net: NetName=+15 Pin=C26-1
Added Pin To Net: NetName=+15 Pin=IC4-8
Added Pin To Net: NetName=+15 Pin=IC5-8
Added Pin To Net: NetName=+15 Pin=IC6-8
Added Pin To Net: NetName=+15 Pin=IC7-8
Added Pin To Net: NetName=+15 Pin=IC8-8
Added Pin To Net: NetName=+15 Pin=IC9-8
Added Pin To Net: NetName=+15 Pin=IC10-8
Added Pin To Net: NetName=+15 Pin=IC11-8
Added Pin To Net: NetName=+15 Pin=IC12-8
Added Pin To Net: NetName=+15 Pin=L1-2
Added Pin To Net: NetName=+15 Pin=U1-3
Added Pin To Net: NetName=+15 Pin=U2-3
Added Pin To Net: NetName=+15 Pin=U3-3
Added Pin To Net: NetName=+15 Pin=U4-3
Added Pin To Net: NetName=+15 Pin=U5-3
Added Pin To Net: NetName=+15 Pin=U6-3
Added Pin To Net: NetName=+15 Pin=U7-3
Added Pin To Net: NetName=+15 Pin=U8-3
Added Net: Name=+15
Added Pin To Net: NetName=+48V_In Pin=C25-1
Added Pin To Net: NetName=+48V_In Pin=J1-1
Added Pin To Net: NetName=+48V_In Pin=J2-1
Added Pin To Net: NetName=+48V_In Pin=JDC1-1
Added Pin To Net: NetName=+48V_In Pin=PS1-16
Added Pin To Net: NetName=+48V_In Pin=PS2-16
Added Pin To Net: NetName=+48V_In Pin=PS3-16
Added Pin To Net: NetName=+48V_In Pin=PS4-16
Added Pin To Net: NetName=+48V_In Pin=PS5-16
Added Pin To Net: NetName=+48V_In Pin=PS6-16
Added Pin To Net: NetName=+48V_In Pin=PS7-16
Added Pin To Net: NetName=+48V_In Pin=PS8-16
Added Pin To Net: NetName=+48V_In Pin=PS9-16
Added Net: Name=+48V_In
Added Pin To Net: NetName=-15 Pin=IC4-4
Added Pin To Net: NetName=-15 Pin=IC5-4
Added Pin To Net: NetName=-15 Pin=IC6-4
Added Pin To Net: NetName=-15 Pin=IC7-4
Added Pin To Net: NetName=-15 Pin=IC8-4
Added Pin To Net: NetName=-15 Pin=IC9-4
Added Pin To Net: NetName=-15 Pin=IC10-4
Added Pin To Net: NetName=-15 Pin=IC11-4
Added Pin To Net: NetName=-15 Pin=IC12-4
Added Pin To Net: NetName=-15 Pin=PS1-10
Added Pin To Net: NetName=-15 Pin=U1-2
Added Pin To Net: NetName=-15 Pin=U2-2
Added Pin To Net: NetName=-15 Pin=U3-2
Added Pin To Net: NetName=-15 Pin=U4-4
Added Pin To Net: NetName=-15 Pin=U5-4
Added Pin To Net: NetName=-15 Pin=U6-4
Added Pin To Net: NetName=-15 Pin=U7-4
Added Pin To Net: NetName=-15 Pin=U8-2
Added Net: Name=-15
Added Pin To Net: NetName=0V_In Pin=C25-2
Added Pin To Net: NetName=0V_In Pin=J1-2
Added Pin To Net: NetName=0V_In Pin=J2-2
Added Pin To Net: NetName=0V_In Pin=JDC1-2
Added Pin To Net: NetName=0V_In Pin=PS1-1
Added Pin To Net: NetName=0V_In Pin=PS2-1
Added Pin To Net: NetName=0V_In Pin=PS3-1
Added Pin To Net: NetName=0V_In Pin=PS4-1
Added Pin To Net: NetName=0V_In Pin=PS5-1
Added Pin To Net: NetName=0V_In Pin=PS6-1
Added Pin To Net: NetName=0V_In Pin=PS7-1
Added Pin To Net: NetName=0V_In Pin=PS8-1
Added Pin To Net: NetName=0V_In Pin=PS9-1
Added Net: Name=0V_In
Added Pin To Net: NetName=0V_ISO_A1 Pin=C1-2
Added Pin To Net: NetName=0V_ISO_A1 Pin=C32-2
Added Pin To Net: NetName=0V_ISO_A1 Pin=C35-2
Added Pin To Net: NetName=0V_ISO_A1 Pin=IC1-14
Added Pin To Net: NetName=0V_ISO_A1 Pin=PS4-8
Added Pin To Net: NetName=0V_ISO_A1 Pin=Q1-3
Added Pin To Net: NetName=0V_ISO_A1 Pin=R1-2
Added Pin To Net: NetName=0V_ISO_A1 Pin=TP_S1-1
Added Net: Name=0V_ISO_A1
Added Pin To Net: NetName=0V_ISO_A2 Pin=C5-2
Added Pin To Net: NetName=0V_ISO_A2 Pin=C33-2
Added Pin To Net: NetName=0V_ISO_A2 Pin=C36-2
Added Pin To Net: NetName=0V_ISO_A2 Pin=IC2-14
Added Pin To Net: NetName=0V_ISO_A2 Pin=PS5-8
Added Pin To Net: NetName=0V_ISO_A2 Pin=Q2-3
Added Pin To Net: NetName=0V_ISO_A2 Pin=R6-2
Added Pin To Net: NetName=0V_ISO_A2 Pin=TP_S3-1
Added Net: Name=0V_ISO_A2
Added Pin To Net: NetName=0V_ISO_A3 Pin=C9-2
Added Pin To Net: NetName=0V_ISO_A3 Pin=C34-2
Added Pin To Net: NetName=0V_ISO_A3 Pin=C37-2
Added Pin To Net: NetName=0V_ISO_A3 Pin=IC3-14
Added Pin To Net: NetName=0V_ISO_A3 Pin=PS6-8
Added Pin To Net: NetName=0V_ISO_A3 Pin=Q3-3
Added Pin To Net: NetName=0V_ISO_A3 Pin=R11-2
Added Pin To Net: NetName=0V_ISO_A3 Pin=TP_S5-1
Added Net: Name=0V_ISO_A3
Added Pin To Net: NetName=0V_ISO_B1 Pin=C4-2
Added Pin To Net: NetName=0V_ISO_B1 Pin=C38-2
Added Pin To Net: NetName=0V_ISO_B1 Pin=C40-2
Added Pin To Net: NetName=0V_ISO_B1 Pin=IC1-9
Added Pin To Net: NetName=0V_ISO_B1 Pin=PS7-8
Added Pin To Net: NetName=0V_ISO_B1 Pin=Q1-7
Added Pin To Net: NetName=0V_ISO_B1 Pin=R5-2
Added Pin To Net: NetName=0V_ISO_B1 Pin=TP_S2-1
Added Net: Name=0V_ISO_B1
Added Pin To Net: NetName=0V_ISO_B2 Pin=C8-2
Added Pin To Net: NetName=0V_ISO_B2 Pin=C39-2
Added Pin To Net: NetName=0V_ISO_B2 Pin=C41-2
Added Pin To Net: NetName=0V_ISO_B2 Pin=IC2-9
Added Pin To Net: NetName=0V_ISO_B2 Pin=PS8-8
Added Pin To Net: NetName=0V_ISO_B2 Pin=Q2-7
Added Pin To Net: NetName=0V_ISO_B2 Pin=R10-2
Added Pin To Net: NetName=0V_ISO_B2 Pin=TP_S4-1
Added Net: Name=0V_ISO_B2
Added Pin To Net: NetName=0V_ISO_B3 Pin=C12-2
Added Pin To Net: NetName=0V_ISO_B3 Pin=C42-2
Added Pin To Net: NetName=0V_ISO_B3 Pin=C43-2
Added Pin To Net: NetName=0V_ISO_B3 Pin=IC3-9
Added Pin To Net: NetName=0V_ISO_B3 Pin=PS9-8
Added Pin To Net: NetName=0V_ISO_B3 Pin=Q3-7
Added Pin To Net: NetName=0V_ISO_B3 Pin=R15-2
Added Pin To Net: NetName=0V_ISO_B3 Pin=TP_S6-1
Added Net: Name=0V_ISO_B3
Added Pin To Net: NetName=ADC-A0 Pin=IC4-7
Added Pin To Net: NetName=ADC-A0 Pin=J3-57
Added Pin To Net: NetName=ADC-A0 Pin=J7-8
Added Pin To Net: NetName=ADC-A0 Pin=R18-2
Added Pin To Net: NetName=ADC-A0 Pin=R24-2
Added Pin To Net: NetName=ADC-A0 Pin=TP_IA1-1
Added Pin To Net: NetName=ADC-A0 Pin=Z1-1
Added Net: Name=ADC-A0
Added Pin To Net: NetName=ADC-A1 Pin=IC5-7
Added Pin To Net: NetName=ADC-A1 Pin=J3-59
Added Pin To Net: NetName=ADC-A1 Pin=J7-7
Added Pin To Net: NetName=ADC-A1 Pin=R29-2
Added Pin To Net: NetName=ADC-A1 Pin=R35-2
Added Pin To Net: NetName=ADC-A1 Pin=TP_IB1-1
Added Pin To Net: NetName=ADC-A1 Pin=Z3-1
Added Net: Name=ADC-A1
Added Pin To Net: NetName=ADC-A2 Pin=IC6-7
Added Pin To Net: NetName=ADC-A2 Pin=J3-61
Added Pin To Net: NetName=ADC-A2 Pin=J7-6
Added Pin To Net: NetName=ADC-A2 Pin=R40-2
Added Pin To Net: NetName=ADC-A2 Pin=R46-2
Added Pin To Net: NetName=ADC-A2 Pin=TP_IC1-1
Added Pin To Net: NetName=ADC-A2 Pin=Z5-1
Added Net: Name=ADC-A2
Added Pin To Net: NetName=ADC-A3 Pin=J3-63
Added Pin To Net: NetName=ADC-A3 Pin=J7-5
Added Pin To Net: NetName=ADC-A3 Pin=R90-1
Added Pin To Net: NetName=ADC-A3 Pin=TP_Vdc1-1
Added Pin To Net: NetName=ADC-A3 Pin=U7-2
Added Pin To Net: NetName=ADC-A3 Pin=Z13-1
Added Net: Name=ADC-A3
Added Pin To Net: NetName=ADC-B0 Pin=IC9-7
Added Pin To Net: NetName=ADC-B0 Pin=J3-7
Added Pin To Net: NetName=ADC-B0 Pin=J5-8
Added Pin To Net: NetName=ADC-B0 Pin=R51-2
Added Pin To Net: NetName=ADC-B0 Pin=R59-2
Added Pin To Net: NetName=ADC-B0 Pin=TP_VA1-1
Added Pin To Net: NetName=ADC-B0 Pin=Z7-1
Added Net: Name=ADC-B0
Added Pin To Net: NetName=ADC-B1 Pin=IC10-7
Added Pin To Net: NetName=ADC-B1 Pin=J3-9
Added Pin To Net: NetName=ADC-B1 Pin=J5-7
Added Pin To Net: NetName=ADC-B1 Pin=R64-2
Added Pin To Net: NetName=ADC-B1 Pin=R72-2
Added Pin To Net: NetName=ADC-B1 Pin=TP_VB1-1
Added Pin To Net: NetName=ADC-B1 Pin=Z9-1
Added Net: Name=ADC-B1
Added Pin To Net: NetName=ADC-B2 Pin=IC11-7
Added Pin To Net: NetName=ADC-B2 Pin=J3-11
Added Pin To Net: NetName=ADC-B2 Pin=J5-6
Added Pin To Net: NetName=ADC-B2 Pin=R77-2
Added Pin To Net: NetName=ADC-B2 Pin=R85-2
Added Pin To Net: NetName=ADC-B2 Pin=TP_VC1-1
Added Pin To Net: NetName=ADC-B2 Pin=Z11-1
Added Net: Name=ADC-B2
Added Pin To Net: NetName=ADC-B3 Pin=J3-13
Added Pin To Net: NetName=ADC-B3 Pin=J5-5
Added Pin To Net: NetName=ADC-B3 Pin=R91-1
Added Pin To Net: NetName=ADC-B3 Pin=TP_Idc1-1
Added Pin To Net: NetName=ADC-B3 Pin=U8-1
Added Pin To Net: NetName=ADC-B3 Pin=Z14-1
Added Net: Name=ADC-B3
Added Pin To Net: NetName=EMU0 Pin=J3-100
Added Pin To Net: NetName=EMU0 Pin=J8-7
Added Net: Name=EMU0
Added Pin To Net: NetName=EMU1 Pin=J3-50
Added Pin To Net: NetName=EMU1 Pin=J8-14
Added Net: Name=EMU1
Added Pin To Net: NetName=GND Pin=C2-2
Added Pin To Net: NetName=GND Pin=C3-1
Added Pin To Net: NetName=GND Pin=C6-2
Added Pin To Net: NetName=GND Pin=C7-1
Added Pin To Net: NetName=GND Pin=C10-2
Added Pin To Net: NetName=GND Pin=C11-1
Added Pin To Net: NetName=GND Pin=C13-2
Added Pin To Net: NetName=GND Pin=C14-2
Added Pin To Net: NetName=GND Pin=C15-2
Added Pin To Net: NetName=GND Pin=C16-2
Added Pin To Net: NetName=GND Pin=C17-2
Added Pin To Net: NetName=GND Pin=C18-2
Added Pin To Net: NetName=GND Pin=C19-2
Added Pin To Net: NetName=GND Pin=C20-2
Added Pin To Net: NetName=GND Pin=C21-2
Added Pin To Net: NetName=GND Pin=C22-2
Added Pin To Net: NetName=GND Pin=C23-2
Added Pin To Net: NetName=GND Pin=C24-2
Added Pin To Net: NetName=GND Pin=C26-2
Added Pin To Net: NetName=GND Pin=C27-2
Added Pin To Net: NetName=GND Pin=C28-2
Added Pin To Net: NetName=GND Pin=C29-2
Added Pin To Net: NetName=GND Pin=C30-2
Added Pin To Net: NetName=GND Pin=C31-2
Added Pin To Net: NetName=GND Pin=C44-2
Added Pin To Net: NetName=GND Pin=C45-2
Added Pin To Net: NetName=GND Pin=C46-2
Added Pin To Net: NetName=GND Pin=IC1-4
Added Pin To Net: NetName=GND Pin=IC1-5
Added Pin To Net: NetName=GND Pin=IC2-4
Added Pin To Net: NetName=GND Pin=IC2-5
Added Pin To Net: NetName=GND Pin=IC3-4
Added Pin To Net: NetName=GND Pin=IC3-5
Added Pin To Net: NetName=GND Pin=IC4-3
Added Pin To Net: NetName=GND Pin=IC4-5
Added Pin To Net: NetName=GND Pin=IC5-3
Added Pin To Net: NetName=GND Pin=IC5-5
Added Pin To Net: NetName=GND Pin=IC6-3
Added Pin To Net: NetName=GND Pin=IC6-5
Added Pin To Net: NetName=GND Pin=IC7-3
Added Pin To Net: NetName=GND Pin=IC7-5
Added Pin To Net: NetName=GND Pin=IC8-3
Added Pin To Net: NetName=GND Pin=IC8-5
Added Pin To Net: NetName=GND Pin=IC9-3
Added Pin To Net: NetName=GND Pin=IC9-5
Added Pin To Net: NetName=GND Pin=IC10-3
Added Pin To Net: NetName=GND Pin=IC10-5
Added Pin To Net: NetName=GND Pin=IC11-3
Added Pin To Net: NetName=GND Pin=IC11-5
Added Pin To Net: NetName=GND Pin=IC12-3
Added Pin To Net: NetName=GND Pin=IC12-5
Added Pin To Net: NetName=GND Pin=IC13-3
Added Pin To Net: NetName=GND Pin=IC14-6
Added Pin To Net: NetName=GND Pin=IC15-6
Added Pin To Net: NetName=GND Pin=J3-6
Added Pin To Net: NetName=GND Pin=J3-8
Added Pin To Net: NetName=GND Pin=J3-10
Added Pin To Net: NetName=GND Pin=J3-12
Added Pin To Net: NetName=GND Pin=J3-14
Added Pin To Net: NetName=GND Pin=J3-27
Added Pin To Net: NetName=GND Pin=J3-37
Added Pin To Net: NetName=GND Pin=J3-47
Added Pin To Net: NetName=GND Pin=J3-56
Added Pin To Net: NetName=GND Pin=J3-58
Added Pin To Net: NetName=GND Pin=J3-60
Added Pin To Net: NetName=GND Pin=J3-62
Added Pin To Net: NetName=GND Pin=J3-64
Added Pin To Net: NetName=GND Pin=J8-9
Added Pin To Net: NetName=GND Pin=J8-11
Added Pin To Net: NetName=GND Pin=J8-12
Added Pin To Net: NetName=GND Pin=J8-13
Added Pin To Net: NetName=GND Pin=LED1-1
Added Pin To Net: NetName=GND Pin=LED2-1
Added Pin To Net: NetName=GND Pin=PS1-8
Added Pin To Net: NetName=GND Pin=PS2-10
Added Pin To Net: NetName=GND Pin=PS3-9
Added Pin To Net: NetName=GND Pin=R2-2
Added Pin To Net: NetName=GND Pin=R3-2
Added Pin To Net: NetName=GND Pin=R7-2
Added Pin To Net: NetName=GND Pin=R8-2
Added Pin To Net: NetName=GND Pin=R12-2
Added Pin To Net: NetName=GND Pin=R13-2
Added Pin To Net: NetName=GND Pin=R23-2
Added Pin To Net: NetName=GND Pin=R24-1
Added Pin To Net: NetName=GND Pin=R25-1
Added Pin To Net: NetName=GND Pin=R34-2
Added Pin To Net: NetName=GND Pin=R35-1
Added Pin To Net: NetName=GND Pin=R36-1
Added Pin To Net: NetName=GND Pin=R45-2
Added Pin To Net: NetName=GND Pin=R46-1
Added Pin To Net: NetName=GND Pin=R47-1
Added Pin To Net: NetName=GND Pin=R58-2
Added Pin To Net: NetName=GND Pin=R59-1
Added Pin To Net: NetName=GND Pin=R60-1
Added Pin To Net: NetName=GND Pin=R71-2
Added Pin To Net: NetName=GND Pin=R72-1
Added Pin To Net: NetName=GND Pin=R73-1
Added Pin To Net: NetName=GND Pin=R84-2
Added Pin To Net: NetName=GND Pin=R85-1
Added Pin To Net: NetName=GND Pin=R86-1
Added Pin To Net: NetName=GND Pin=R90-2
Added Pin To Net: NetName=GND Pin=R91-2
Added Pin To Net: NetName=GND Pin=TP1-1
Added Pin To Net: NetName=GND Pin=TP2-1
Added Pin To Net: NetName=GND Pin=TP3-1
Added Pin To Net: NetName=GND Pin=TP4-1
Added Pin To Net: NetName=GND Pin=Z1-2
Added Pin To Net: NetName=GND Pin=Z2-2
Added Pin To Net: NetName=GND Pin=Z3-2
Added Pin To Net: NetName=GND Pin=Z4-2
Added Pin To Net: NetName=GND Pin=Z5-2
Added Pin To Net: NetName=GND Pin=Z6-2
Added Pin To Net: NetName=GND Pin=Z7-2
Added Pin To Net: NetName=GND Pin=Z8-2
Added Pin To Net: NetName=GND Pin=Z9-2
Added Pin To Net: NetName=GND Pin=Z10-2
Added Pin To Net: NetName=GND Pin=Z11-2
Added Pin To Net: NetName=GND Pin=Z12-2
Added Pin To Net: NetName=GND Pin=Z13-2
Added Pin To Net: NetName=GND Pin=Z14-2
Added Net: Name=GND
Added Pin To Net: NetName=GPIO-0 Pin=IC1-1
Added Pin To Net: NetName=GPIO-0 Pin=J3-23
Added Pin To Net: NetName=GPIO-0 Pin=J6-22
Added Pin To Net: NetName=GPIO-0 Pin=R2-1
Added Pin To Net: NetName=GPIO-0 Pin=TP_PWM1-1
Added Net: Name=GPIO-0
Added Pin To Net: NetName=GPIO-1 Pin=IC1-2
Added Pin To Net: NetName=GPIO-1 Pin=J3-73
Added Pin To Net: NetName=GPIO-1 Pin=J4-19
Added Pin To Net: NetName=GPIO-1 Pin=R3-1
Added Pin To Net: NetName=GPIO-1 Pin=TP_PWM2-1
Added Net: Name=GPIO-1
Added Pin To Net: NetName=GPIO-2 Pin=IC2-1
Added Pin To Net: NetName=GPIO-2 Pin=J3-24
Added Pin To Net: NetName=GPIO-2 Pin=J6-21
Added Pin To Net: NetName=GPIO-2 Pin=R7-1
Added Pin To Net: NetName=GPIO-2 Pin=TP_PWM3-1
Added Net: Name=GPIO-2
Added Pin To Net: NetName=GPIO-3 Pin=IC2-2
Added Pin To Net: NetName=GPIO-3 Pin=J3-74
Added Pin To Net: NetName=GPIO-3 Pin=J4-18
Added Pin To Net: NetName=GPIO-3 Pin=R8-1
Added Pin To Net: NetName=GPIO-3 Pin=TP_PWM4-1
Added Net: Name=GPIO-3
Added Pin To Net: NetName=GPIO-4 Pin=IC3-1
Added Pin To Net: NetName=GPIO-4 Pin=J3-25
Added Pin To Net: NetName=GPIO-4 Pin=J6-20
Added Pin To Net: NetName=GPIO-4 Pin=R12-1
Added Pin To Net: NetName=GPIO-4 Pin=TP_PWM5-1
Added Net: Name=GPIO-4
Added Pin To Net: NetName=GPIO-5 Pin=IC3-2
Added Pin To Net: NetName=GPIO-5 Pin=J3-75
Added Pin To Net: NetName=GPIO-5 Pin=J4-17
Added Pin To Net: NetName=GPIO-5 Pin=R13-1
Added Pin To Net: NetName=GPIO-5 Pin=TP_PWM6-1
Added Net: Name=GPIO-5
Added Pin To Net: NetName=GPIO-16 Pin=IC14-2
Added Pin To Net: NetName=GPIO-16 Pin=J3-38
Added Pin To Net: NetName=GPIO-16 Pin=J6-9
Added Net: Name=GPIO-16
Added Pin To Net: NetName=GPIO-18 Pin=IC14-1
Added Pin To Net: NetName=GPIO-18 Pin=IC15-1
Added Pin To Net: NetName=GPIO-18 Pin=J3-39
Added Pin To Net: NetName=GPIO-18 Pin=J6-8
Added Net: Name=GPIO-18
Added Pin To Net: NetName=GPIO-19 Pin=IC14-3
Added Pin To Net: NetName=GPIO-19 Pin=IC15-3
Added Pin To Net: NetName=GPIO-19 Pin=J3-89
Added Pin To Net: NetName=GPIO-19 Pin=J4-6
Added Net: Name=GPIO-19
Added Pin To Net: NetName=GPIO-29 Pin=D9-1
Added Pin To Net: NetName=GPIO-29 Pin=J3-93
Added Pin To Net: NetName=GPIO-29 Pin=J4-3
Added Pin To Net: NetName=GPIO-29 Pin=R25-2
Added Pin To Net: NetName=GPIO-29 Pin=TP_NIA1-1
Added Pin To Net: NetName=GPIO-29 Pin=Z2-1
Added Net: Name=GPIO-29
Added Pin To Net: NetName=GPIO-30 Pin=D12-1
Added Pin To Net: NetName=GPIO-30 Pin=J3-44
Added Pin To Net: NetName=GPIO-30 Pin=J6-3
Added Pin To Net: NetName=GPIO-30 Pin=R36-2
Added Pin To Net: NetName=GPIO-30 Pin=TP_NIB1-1
Added Pin To Net: NetName=GPIO-30 Pin=Z4-1
Added Net: Name=GPIO-30
Added Pin To Net: NetName=GPIO-31 Pin=D15-1
Added Pin To Net: NetName=GPIO-31 Pin=J3-94
Added Pin To Net: NetName=GPIO-31 Pin=J4-2
Added Pin To Net: NetName=GPIO-31 Pin=R47-2
Added Pin To Net: NetName=GPIO-31 Pin=TP_NIC1-1
Added Pin To Net: NetName=GPIO-31 Pin=Z6-1
Added Net: Name=GPIO-31
Added Pin To Net: NetName=GPIO-32 Pin=D18-1
Added Pin To Net: NetName=GPIO-32 Pin=J3-45
Added Pin To Net: NetName=GPIO-32 Pin=J6-2
Added Pin To Net: NetName=GPIO-32 Pin=R60-2
Added Pin To Net: NetName=GPIO-32 Pin=TP_NVA1-1
Added Pin To Net: NetName=GPIO-32 Pin=Z8-1
Added Net: Name=GPIO-32
Added Pin To Net: NetName=GPIO-33 Pin=D21-1
Added Pin To Net: NetName=GPIO-33 Pin=J3-95
Added Pin To Net: NetName=GPIO-33 Pin=J4-1
Added Pin To Net: NetName=GPIO-33 Pin=R73-2
Added Pin To Net: NetName=GPIO-33 Pin=TP_NVB1-1
Added Pin To Net: NetName=GPIO-33 Pin=Z10-1
Added Net: Name=GPIO-33
Added Pin To Net: NetName=GPIO-34 Pin=D24-1
Added Pin To Net: NetName=GPIO-34 Pin=J3-46
Added Pin To Net: NetName=GPIO-34 Pin=J6-1
Added Pin To Net: NetName=GPIO-34 Pin=R86-2
Added Pin To Net: NetName=GPIO-34 Pin=TP_NVC1-1
Added Pin To Net: NetName=GPIO-34 Pin=Z12-1
Added Net: Name=GPIO-34
Added Pin To Net: NetName=GPIO-58 Pin=J3-18
Added Pin To Net: NetName=GPIO-58 Pin=J6-25
Added Net: Name=GPIO-58
Added Pin To Net: NetName=GPIO-59 Pin=J3-68
Added Pin To Net: NetName=GPIO-59 Pin=J4-22
Added Net: Name=GPIO-59
Added Pin To Net: NetName=GPIO-60 Pin=J3-20
Added Pin To Net: NetName=GPIO-60 Pin=J6-24
Added Net: Name=GPIO-60
Added Pin To Net: NetName=GPIO-61 Pin=J3-70
Added Pin To Net: NetName=GPIO-61 Pin=J4-21
Added Net: Name=GPIO-61
Added Pin To Net: NetName=GPIO-62 Pin=J3-22
Added Pin To Net: NetName=GPIO-62 Pin=J6-23
Added Net: Name=GPIO-62
Added Pin To Net: NetName=GPIO-63 Pin=J3-72
Added Pin To Net: NetName=GPIO-63 Pin=J4-20
Added Net: Name=GPIO-63
Added Pin To Net: NetName=IA Pin=R20-1
Added Pin To Net: NetName=IA Pin=R22-1
Added Pin To Net: NetName=IA Pin=R23-1
Added Pin To Net: NetName=IA Pin=R26-1
Added Pin To Net: NetName=IA Pin=U1-1
Added Net: Name=IA
Added Pin To Net: NetName=IB Pin=R31-1
Added Pin To Net: NetName=IB Pin=R33-1
Added Pin To Net: NetName=IB Pin=R34-1
Added Pin To Net: NetName=IB Pin=R37-1
Added Pin To Net: NetName=IB Pin=U2-1
Added Net: Name=IB
Added Pin To Net: NetName=IC Pin=R42-1
Added Pin To Net: NetName=IC Pin=R44-1
Added Pin To Net: NetName=IC Pin=R45-1
Added Pin To Net: NetName=IC Pin=R48-1
Added Pin To Net: NetName=IC Pin=U3-1
Added Net: Name=IC
Added Pin To Net: NetName=NetC2_1 Pin=C2-1
Added Pin To Net: NetName=NetC2_1 Pin=C3-2
Added Pin To Net: NetName=NetC2_1 Pin=IC1-3
Added Pin To Net: NetName=NetC2_1 Pin=IC1-8
Added Pin To Net: NetName=NetC2_1 Pin=R4-1
Added Net: Name=NetC2_1
Added Pin To Net: NetName=NetC6_1 Pin=C6-1
Added Pin To Net: NetName=NetC6_1 Pin=C7-2
Added Pin To Net: NetName=NetC6_1 Pin=IC2-3
Added Pin To Net: NetName=NetC6_1 Pin=IC2-8
Added Pin To Net: NetName=NetC6_1 Pin=R9-1
Added Net: Name=NetC6_1
Added Pin To Net: NetName=NetC10_1 Pin=C10-1
Added Pin To Net: NetName=NetC10_1 Pin=C11-2
Added Pin To Net: NetName=NetC10_1 Pin=IC3-3
Added Pin To Net: NetName=NetC10_1 Pin=IC3-8
Added Pin To Net: NetName=NetC10_1 Pin=R14-1
Added Net: Name=NetC10_1
Added Pin To Net: NetName=NetC13_1 Pin=C13-1
Added Pin To Net: NetName=NetC13_1 Pin=D9-2
Added Pin To Net: NetName=NetC13_1 Pin=IC7-1
Added Pin To Net: NetName=NetC13_1 Pin=R19-2
Added Net: Name=NetC13_1
Added Pin To Net: NetName=NetC14_1 Pin=C14-1
Added Pin To Net: NetName=NetC14_1 Pin=D12-2
Added Pin To Net: NetName=NetC14_1 Pin=IC7-7
Added Pin To Net: NetName=NetC14_1 Pin=R30-2
Added Net: Name=NetC14_1
Added Pin To Net: NetName=NetC15_1 Pin=C15-1
Added Pin To Net: NetName=NetC15_1 Pin=D15-2
Added Pin To Net: NetName=NetC15_1 Pin=IC8-1
Added Pin To Net: NetName=NetC15_1 Pin=R41-2
Added Net: Name=NetC15_1
Added Pin To Net: NetName=NetC16_1 Pin=C16-1
Added Pin To Net: NetName=NetC16_1 Pin=D18-2
Added Pin To Net: NetName=NetC16_1 Pin=IC8-7
Added Pin To Net: NetName=NetC16_1 Pin=R52-2
Added Net: Name=NetC16_1
Added Pin To Net: NetName=NetC17_1 Pin=C17-1
Added Pin To Net: NetName=NetC17_1 Pin=D21-2
Added Pin To Net: NetName=NetC17_1 Pin=IC12-1
Added Pin To Net: NetName=NetC17_1 Pin=R65-2
Added Net: Name=NetC17_1
Added Pin To Net: NetName=NetC18_1 Pin=C18-1
Added Pin To Net: NetName=NetC18_1 Pin=D24-2
Added Pin To Net: NetName=NetC18_1 Pin=IC12-7
Added Pin To Net: NetName=NetC18_1 Pin=R78-2
Added Net: Name=NetC18_1
Added Pin To Net: NetName=NetC19_1 Pin=C19-1
Added Pin To Net: NetName=NetC19_1 Pin=IC7-2
Added Pin To Net: NetName=NetC19_1 Pin=R19-1
Added Pin To Net: NetName=NetC19_1 Pin=R22-2
Added Net: Name=NetC19_1
Added Pin To Net: NetName=NetC20_1 Pin=C20-1
Added Pin To Net: NetName=NetC20_1 Pin=IC7-6
Added Pin To Net: NetName=NetC20_1 Pin=R30-1
Added Pin To Net: NetName=NetC20_1 Pin=R33-2
Added Net: Name=NetC20_1
Added Pin To Net: NetName=NetC21_1 Pin=C21-1
Added Pin To Net: NetName=NetC21_1 Pin=IC8-2
Added Pin To Net: NetName=NetC21_1 Pin=R41-1
Added Pin To Net: NetName=NetC21_1 Pin=R44-2
Added Net: Name=NetC21_1
Added Pin To Net: NetName=NetC22_1 Pin=C22-1
Added Pin To Net: NetName=NetC22_1 Pin=IC8-6
Added Pin To Net: NetName=NetC22_1 Pin=R52-1
Added Pin To Net: NetName=NetC22_1 Pin=R57-2
Added Net: Name=NetC22_1
Added Pin To Net: NetName=NetC23_1 Pin=C23-1
Added Pin To Net: NetName=NetC23_1 Pin=IC12-2
Added Pin To Net: NetName=NetC23_1 Pin=R65-1
Added Pin To Net: NetName=NetC23_1 Pin=R70-2
Added Net: Name=NetC23_1
Added Pin To Net: NetName=NetC24_1 Pin=C24-1
Added Pin To Net: NetName=NetC24_1 Pin=IC12-6
Added Pin To Net: NetName=NetC24_1 Pin=R78-1
Added Pin To Net: NetName=NetC24_1 Pin=R83-2
Added Net: Name=NetC24_1
Added Pin To Net: NetName=NetC27_1 Pin=C27-1
Added Pin To Net: NetName=NetC27_1 Pin=L1-1
Added Pin To Net: NetName=NetC27_1 Pin=PS1-9
Added Net: Name=NetC27_1
Added Pin To Net: NetName=NetC28_1 Pin=C28-1
Added Pin To Net: NetName=NetC28_1 Pin=L2-1
Added Pin To Net: NetName=NetC28_1 Pin=PS2-9
Added Net: Name=NetC28_1
Added Pin To Net: NetName=NetC30_1 Pin=C30-1
Added Pin To Net: NetName=NetC30_1 Pin=L3-1
Added Pin To Net: NetName=NetC30_1 Pin=PS3-10
Added Net: Name=NetC30_1
Added Pin To Net: NetName=NetC32_1 Pin=C32-1
Added Pin To Net: NetName=NetC32_1 Pin=L4-1
Added Pin To Net: NetName=NetC32_1 Pin=PS4-9
Added Net: Name=NetC32_1
Added Pin To Net: NetName=NetC33_1 Pin=C33-1
Added Pin To Net: NetName=NetC33_1 Pin=L5-1
Added Pin To Net: NetName=NetC33_1 Pin=PS5-9
Added Net: Name=NetC33_1
Added Pin To Net: NetName=NetC34_1 Pin=C34-1
Added Pin To Net: NetName=NetC34_1 Pin=L6-1
Added Pin To Net: NetName=NetC34_1 Pin=PS6-9
Added Net: Name=NetC34_1
Added Pin To Net: NetName=NetC36_1 Pin=C36-1
Added Pin To Net: NetName=NetC36_1 Pin=L5-2
Added Net: Name=NetC36_1
Added Pin To Net: NetName=NetC37_1 Pin=C37-1
Added Pin To Net: NetName=NetC37_1 Pin=L6-2
Added Net: Name=NetC37_1
Added Pin To Net: NetName=NetC38_1 Pin=C38-1
Added Pin To Net: NetName=NetC38_1 Pin=L7-1
Added Pin To Net: NetName=NetC38_1 Pin=PS7-9
Added Net: Name=NetC38_1
Added Pin To Net: NetName=NetC39_1 Pin=C39-1
Added Pin To Net: NetName=NetC39_1 Pin=L8-1
Added Pin To Net: NetName=NetC39_1 Pin=PS8-9
Added Net: Name=NetC39_1
Added Pin To Net: NetName=NetC41_1 Pin=C41-1
Added Pin To Net: NetName=NetC41_1 Pin=L8-2
Added Net: Name=NetC41_1
Added Pin To Net: NetName=NetC42_1 Pin=C42-1
Added Pin To Net: NetName=NetC42_1 Pin=L9-1
Added Pin To Net: NetName=NetC42_1 Pin=PS9-9
Added Net: Name=NetC42_1
Added Pin To Net: NetName=NetC44_1 Pin=C44-1
Added Pin To Net: NetName=NetC44_1 Pin=IC13-5
Added Net: Name=NetC44_1
Added Pin To Net: NetName=NetC47_1 Pin=C47-1
Added Pin To Net: NetName=NetC47_1 Pin=C48-1
Added Pin To Net: NetName=NetC47_1 Pin=C49-1
Added Pin To Net: NetName=NetC47_1 Pin=C50-1
Added Pin To Net: NetName=NetC47_1 Pin=Q1-1
Added Pin To Net: NetName=NetC47_1 Pin=Q2-1
Added Pin To Net: NetName=NetC47_1 Pin=Q3-1
Added Pin To Net: NetName=NetC47_1 Pin=U8-4
Added Net: Name=NetC47_1
Added Pin To Net: NetName=NetC47_2 Pin=C47-2
Added Pin To Net: NetName=NetC47_2 Pin=C48-2
Added Pin To Net: NetName=NetC47_2 Pin=C49-2
Added Pin To Net: NetName=NetC47_2 Pin=C50-2
Added Pin To Net: NetName=NetC47_2 Pin=CN_N1-1
Added Pin To Net: NetName=NetC47_2 Pin=CN_N1-1
Added Pin To Net: NetName=NetC47_2 Pin=CN_N1-1
Added Pin To Net: NetName=NetC47_2 Pin=CN_N1-1
Added Pin To Net: NetName=NetC47_2 Pin=Q1-6
Added Pin To Net: NetName=NetC47_2 Pin=Q2-6
Added Pin To Net: NetName=NetC47_2 Pin=Q3-6
Added Pin To Net: NetName=NetC47_2 Pin=R89-1
Added Pin To Net: NetName=NetC47_2 Pin=TP_VN1-1
Added Net: Name=NetC47_2
Added Pin To Net: NetName=NetCN_N2_1 Pin=CN_N2-1
Added Pin To Net: NetName=NetCN_N2_1 Pin=CN_N2-1
Added Pin To Net: NetName=NetCN_N2_1 Pin=CN_N2-1
Added Pin To Net: NetName=NetCN_N2_1 Pin=CN_N2-1
Added Pin To Net: NetName=NetCN_N2_1 Pin=R56-1
Added Pin To Net: NetName=NetCN_N2_1 Pin=R69-1
Added Pin To Net: NetName=NetCN_N2_1 Pin=R82-1
Added Pin To Net: NetName=NetCN_N2_1 Pin=TP_NP1-1
Added Net: Name=NetCN_N2_1
Added Pin To Net: NetName=NetCN_P1_1 Pin=CN_P1-1
Added Pin To Net: NetName=NetCN_P1_1 Pin=CN_P1-1
Added Pin To Net: NetName=NetCN_P1_1 Pin=CN_P1-1
Added Pin To Net: NetName=NetCN_P1_1 Pin=CN_P1-1
Added Pin To Net: NetName=NetCN_P1_1 Pin=R88-1
Added Pin To Net: NetName=NetCN_P1_1 Pin=TP_VP1-1
Added Pin To Net: NetName=NetCN_P1_1 Pin=U8-5
Added Net: Name=NetCN_P1_1
Added Pin To Net: NetName=NetCN_R1_1 Pin=CN_R1-1
Added Pin To Net: NetName=NetCN_R1_1 Pin=CN_R1-1
Added Pin To Net: NetName=NetCN_R1_1 Pin=CN_R1-1
Added Pin To Net: NetName=NetCN_R1_1 Pin=CN_R1-1
Added Pin To Net: NetName=NetCN_R1_1 Pin=XF1-1
Added Net: Name=NetCN_R1_1
Added Pin To Net: NetName=NetCN_S1_1 Pin=CN_S1-1
Added Pin To Net: NetName=NetCN_S1_1 Pin=CN_S1-1
Added Pin To Net: NetName=NetCN_S1_1 Pin=CN_S1-1
Added Pin To Net: NetName=NetCN_S1_1 Pin=CN_S1-1
Added Pin To Net: NetName=NetCN_S1_1 Pin=XF2-1
Added Net: Name=NetCN_S1_1
Added Pin To Net: NetName=NetCN_T1_1 Pin=CN_T1-1
Added Pin To Net: NetName=NetCN_T1_1 Pin=CN_T1-1
Added Pin To Net: NetName=NetCN_T1_1 Pin=CN_T1-1
Added Pin To Net: NetName=NetCN_T1_1 Pin=CN_T1-1
Added Pin To Net: NetName=NetCN_T1_1 Pin=XF3-1
Added Net: Name=NetCN_T1_1
Added Pin To Net: NetName=NetD1_1 Pin=D1-1
Added Pin To Net: NetName=NetD1_1 Pin=R95-2
Added Net: Name=NetD1_1
Added Pin To Net: NetName=NetD1_2 Pin=D1-2
Added Pin To Net: NetName=NetD1_2 Pin=Q1-4
Added Pin To Net: NetName=NetD1_2 Pin=R1-1
Added Pin To Net: NetName=NetD1_2 Pin=R98-2
Added Pin To Net: NetName=NetD1_2 Pin=TP_G1-1
Added Net: Name=NetD1_2
Added Pin To Net: NetName=NetD2_1 Pin=D2-1
Added Pin To Net: NetName=NetD2_1 Pin=R101-2
Added Net: Name=NetD2_1
Added Pin To Net: NetName=NetD2_2 Pin=D2-2
Added Pin To Net: NetName=NetD2_2 Pin=Q1-8
Added Pin To Net: NetName=NetD2_2 Pin=R5-1
Added Pin To Net: NetName=NetD2_2 Pin=R102-2
Added Pin To Net: NetName=NetD2_2 Pin=TP_G2-1
Added Net: Name=NetD2_2
Added Pin To Net: NetName=NetD3_1 Pin=D3-1
Added Pin To Net: NetName=NetD3_1 Pin=R103-2
Added Net: Name=NetD3_1
Added Pin To Net: NetName=NetD3_2 Pin=D3-2
Added Pin To Net: NetName=NetD3_2 Pin=Q2-4
Added Pin To Net: NetName=NetD3_2 Pin=R6-1
Added Pin To Net: NetName=NetD3_2 Pin=R106-2
Added Pin To Net: NetName=NetD3_2 Pin=TP_G3-1
Added Net: Name=NetD3_2
Added Pin To Net: NetName=NetD4_1 Pin=D4-1
Added Pin To Net: NetName=NetD4_1 Pin=R109-2
Added Net: Name=NetD4_1
Added Pin To Net: NetName=NetD4_2 Pin=D4-2
Added Pin To Net: NetName=NetD4_2 Pin=Q2-8
Added Pin To Net: NetName=NetD4_2 Pin=R10-1
Added Pin To Net: NetName=NetD4_2 Pin=R110-2
Added Pin To Net: NetName=NetD4_2 Pin=TP_G4-1
Added Net: Name=NetD4_2
Added Pin To Net: NetName=NetD5_1 Pin=D5-1
Added Pin To Net: NetName=NetD5_1 Pin=R111-2
Added Net: Name=NetD5_1
Added Pin To Net: NetName=NetD5_2 Pin=D5-2
Added Pin To Net: NetName=NetD5_2 Pin=Q3-4
Added Pin To Net: NetName=NetD5_2 Pin=R11-1
Added Pin To Net: NetName=NetD5_2 Pin=R114-2
Added Pin To Net: NetName=NetD5_2 Pin=TP_G5-1
Added Net: Name=NetD5_2
Added Pin To Net: NetName=NetD6_1 Pin=D6-1
Added Pin To Net: NetName=NetD6_1 Pin=R117-2
Added Net: Name=NetD6_1
Added Pin To Net: NetName=NetD6_2 Pin=D6-2
Added Pin To Net: NetName=NetD6_2 Pin=Q3-8
Added Pin To Net: NetName=NetD6_2 Pin=R15-1
Added Pin To Net: NetName=NetD6_2 Pin=R118-2
Added Pin To Net: NetName=NetD6_2 Pin=TP_G6-1
Added Net: Name=NetD6_2
Added Pin To Net: NetName=NetD7_1 Pin=D7-1
Added Pin To Net: NetName=NetD7_1 Pin=IC4-2
Added Pin To Net: NetName=NetD7_1 Pin=R16-1
Added Pin To Net: NetName=NetD7_1 Pin=R20-2
Added Net: Name=NetD7_1
Added Pin To Net: NetName=NetD7_2 Pin=D7-2
Added Pin To Net: NetName=NetD7_2 Pin=D8-1
Added Pin To Net: NetName=NetD7_2 Pin=IC4-1
Added Net: Name=NetD7_2
Added Pin To Net: NetName=NetD8_2 Pin=D8-2
Added Pin To Net: NetName=NetD8_2 Pin=R16-2
Added Pin To Net: NetName=NetD8_2 Pin=R17-1
Added Pin To Net: NetName=NetD8_2 Pin=R21-1
Added Net: Name=NetD8_2
Added Pin To Net: NetName=NetD10_1 Pin=D10-1
Added Pin To Net: NetName=NetD10_1 Pin=IC5-2
Added Pin To Net: NetName=NetD10_1 Pin=R27-1
Added Pin To Net: NetName=NetD10_1 Pin=R31-2
Added Net: Name=NetD10_1
Added Pin To Net: NetName=NetD10_2 Pin=D10-2
Added Pin To Net: NetName=NetD10_2 Pin=D11-1
Added Pin To Net: NetName=NetD10_2 Pin=IC5-1
Added Net: Name=NetD10_2
Added Pin To Net: NetName=NetD11_2 Pin=D11-2
Added Pin To Net: NetName=NetD11_2 Pin=R27-2
Added Pin To Net: NetName=NetD11_2 Pin=R28-1
Added Pin To Net: NetName=NetD11_2 Pin=R32-1
Added Net: Name=NetD11_2
Added Pin To Net: NetName=NetD13_1 Pin=D13-1
Added Pin To Net: NetName=NetD13_1 Pin=IC6-2
Added Pin To Net: NetName=NetD13_1 Pin=R38-1
Added Pin To Net: NetName=NetD13_1 Pin=R42-2
Added Net: Name=NetD13_1
Added Pin To Net: NetName=NetD13_2 Pin=D13-2
Added Pin To Net: NetName=NetD13_2 Pin=D14-1
Added Pin To Net: NetName=NetD13_2 Pin=IC6-1
Added Net: Name=NetD13_2
Added Pin To Net: NetName=NetD14_2 Pin=D14-2
Added Pin To Net: NetName=NetD14_2 Pin=R38-2
Added Pin To Net: NetName=NetD14_2 Pin=R39-1
Added Pin To Net: NetName=NetD14_2 Pin=R43-1
Added Net: Name=NetD14_2
Added Pin To Net: NetName=NetD16_1 Pin=D16-1
Added Pin To Net: NetName=NetD16_1 Pin=IC9-2
Added Pin To Net: NetName=NetD16_1 Pin=R49-1
Added Pin To Net: NetName=NetD16_1 Pin=R54-2
Added Net: Name=NetD16_1
Added Pin To Net: NetName=NetD16_2 Pin=D16-2
Added Pin To Net: NetName=NetD16_2 Pin=D17-1
Added Pin To Net: NetName=NetD16_2 Pin=IC9-1
Added Net: Name=NetD16_2
Added Pin To Net: NetName=NetD17_2 Pin=D17-2
Added Pin To Net: NetName=NetD17_2 Pin=R49-2
Added Pin To Net: NetName=NetD17_2 Pin=R50-1
Added Pin To Net: NetName=NetD17_2 Pin=R55-1
Added Net: Name=NetD17_2
Added Pin To Net: NetName=NetD19_1 Pin=D19-1
Added Pin To Net: NetName=NetD19_1 Pin=IC10-2
Added Pin To Net: NetName=NetD19_1 Pin=R62-1
Added Pin To Net: NetName=NetD19_1 Pin=R67-2
Added Net: Name=NetD19_1
Added Pin To Net: NetName=NetD19_2 Pin=D19-2
Added Pin To Net: NetName=NetD19_2 Pin=D20-1
Added Pin To Net: NetName=NetD19_2 Pin=IC10-1
Added Net: Name=NetD19_2
Added Pin To Net: NetName=NetD20_2 Pin=D20-2
Added Pin To Net: NetName=NetD20_2 Pin=R62-2
Added Pin To Net: NetName=NetD20_2 Pin=R63-1
Added Pin To Net: NetName=NetD20_2 Pin=R68-1
Added Net: Name=NetD20_2
Added Pin To Net: NetName=NetD22_1 Pin=D22-1
Added Pin To Net: NetName=NetD22_1 Pin=IC11-2
Added Pin To Net: NetName=NetD22_1 Pin=R75-1
Added Pin To Net: NetName=NetD22_1 Pin=R80-2
Added Net: Name=NetD22_1
Added Pin To Net: NetName=NetD22_2 Pin=D22-2
Added Pin To Net: NetName=NetD22_2 Pin=D23-1
Added Pin To Net: NetName=NetD22_2 Pin=IC11-1
Added Net: Name=NetD22_2
Added Pin To Net: NetName=NetD23_2 Pin=D23-2
Added Pin To Net: NetName=NetD23_2 Pin=R75-2
Added Pin To Net: NetName=NetD23_2 Pin=R76-1
Added Pin To Net: NetName=NetD23_2 Pin=R81-1
Added Net: Name=NetD23_2
Added Pin To Net: NetName=NetIC1_6 Pin=IC1-6
Added Pin To Net: NetName=NetIC1_6 Pin=R4-2
Added Net: Name=NetIC1_6
Added Pin To Net: NetName=NetIC1_10 Pin=IC1-10
Added Pin To Net: NetName=NetIC1_10 Pin=R101-1
Added Pin To Net: NetName=NetIC1_10 Pin=R102-1
Added Net: Name=NetIC1_10
Added Pin To Net: NetName=NetIC1_15 Pin=IC1-15
Added Pin To Net: NetName=NetIC1_15 Pin=R95-1
Added Pin To Net: NetName=NetIC1_15 Pin=R98-1
Added Net: Name=NetIC1_15
Added Pin To Net: NetName=NetIC2_6 Pin=IC2-6
Added Pin To Net: NetName=NetIC2_6 Pin=R9-2
Added Net: Name=NetIC2_6
Added Pin To Net: NetName=NetIC2_10 Pin=IC2-10
Added Pin To Net: NetName=NetIC2_10 Pin=R109-1
Added Pin To Net: NetName=NetIC2_10 Pin=R110-1
Added Net: Name=NetIC2_10
Added Pin To Net: NetName=NetIC2_15 Pin=IC2-15
Added Pin To Net: NetName=NetIC2_15 Pin=R103-1
Added Pin To Net: NetName=NetIC2_15 Pin=R106-1
Added Net: Name=NetIC2_15
Added Pin To Net: NetName=NetIC3_6 Pin=IC3-6
Added Pin To Net: NetName=NetIC3_6 Pin=R14-2
Added Net: Name=NetIC3_6
Added Pin To Net: NetName=NetIC3_10 Pin=IC3-10
Added Pin To Net: NetName=NetIC3_10 Pin=R117-1
Added Pin To Net: NetName=NetIC3_10 Pin=R118-1
Added Net: Name=NetIC3_10
Added Pin To Net: NetName=NetIC3_15 Pin=IC3-15
Added Pin To Net: NetName=NetIC3_15 Pin=R111-1
Added Pin To Net: NetName=NetIC3_15 Pin=R114-1
Added Net: Name=NetIC3_15
Added Pin To Net: NetName=NetIC4_6 Pin=IC4-6
Added Pin To Net: NetName=NetIC4_6 Pin=R17-2
Added Pin To Net: NetName=NetIC4_6 Pin=R18-1
Added Pin To Net: NetName=NetIC4_6 Pin=R21-2
Added Pin To Net: NetName=NetIC4_6 Pin=R26-2
Added Net: Name=NetIC4_6
Added Pin To Net: NetName=NetIC5_6 Pin=IC5-6
Added Pin To Net: NetName=NetIC5_6 Pin=R28-2
Added Pin To Net: NetName=NetIC5_6 Pin=R29-1
Added Pin To Net: NetName=NetIC5_6 Pin=R32-2
Added Pin To Net: NetName=NetIC5_6 Pin=R37-2
Added Net: Name=NetIC5_6
Added Pin To Net: NetName=NetIC6_6 Pin=IC6-6
Added Pin To Net: NetName=NetIC6_6 Pin=R39-2
Added Pin To Net: NetName=NetIC6_6 Pin=R40-1
Added Pin To Net: NetName=NetIC6_6 Pin=R43-2
Added Pin To Net: NetName=NetIC6_6 Pin=R48-2
Added Net: Name=NetIC6_6
Added Pin To Net: NetName=NetIC9_6 Pin=IC9-6
Added Pin To Net: NetName=NetIC9_6 Pin=R50-2
Added Pin To Net: NetName=NetIC9_6 Pin=R51-1
Added Pin To Net: NetName=NetIC9_6 Pin=R55-2
Added Pin To Net: NetName=NetIC9_6 Pin=R61-2
Added Net: Name=NetIC9_6
Added Pin To Net: NetName=NetIC10_6 Pin=IC10-6
Added Pin To Net: NetName=NetIC10_6 Pin=R63-2
Added Pin To Net: NetName=NetIC10_6 Pin=R64-1
Added Pin To Net: NetName=NetIC10_6 Pin=R68-2
Added Pin To Net: NetName=NetIC10_6 Pin=R74-2
Added Net: Name=NetIC10_6
Added Pin To Net: NetName=NetIC11_6 Pin=IC11-6
Added Pin To Net: NetName=NetIC11_6 Pin=R76-2
Added Pin To Net: NetName=NetIC11_6 Pin=R77-1
Added Pin To Net: NetName=NetIC11_6 Pin=R81-2
Added Pin To Net: NetName=NetIC11_6 Pin=R87-2
Added Net: Name=NetIC11_6
Added Pin To Net: NetName=NetIC14_4 Pin=IC14-4
Added Pin To Net: NetName=NetIC14_4 Pin=IC15-2
Added Net: Name=NetIC14_4
Added Pin To Net: NetName=NetIC14_5 Pin=IC14-5
Added Pin To Net: NetName=NetIC14_5 Pin=TP_DA3-1
Added Net: Name=NetIC14_5
Added Pin To Net: NetName=NetIC14_8 Pin=IC14-8
Added Pin To Net: NetName=NetIC14_8 Pin=TP_DA4-1
Added Net: Name=NetIC14_8
Added Pin To Net: NetName=NetIC15_5 Pin=IC15-5
Added Pin To Net: NetName=NetIC15_5 Pin=TP_DA1-1
Added Net: Name=NetIC15_5
Added Pin To Net: NetName=NetIC15_8 Pin=IC15-8
Added Pin To Net: NetName=NetIC15_8 Pin=TP_DA2-1
Added Net: Name=NetIC15_8
Added Pin To Net: NetName=NetJ3_15 Pin=J3-15
Added Pin To Net: NetName=NetJ3_15 Pin=J5-4
Added Net: Name=NetJ3_15
Added Pin To Net: NetName=NetJ3_17 Pin=J3-17
Added Pin To Net: NetName=NetJ3_17 Pin=J5-3
Added Net: Name=NetJ3_17
Added Pin To Net: NetName=NetJ3_19 Pin=J3-19
Added Pin To Net: NetName=NetJ3_19 Pin=J5-2
Added Net: Name=NetJ3_19
Added Pin To Net: NetName=NetJ3_21 Pin=J3-21
Added Pin To Net: NetName=NetJ3_21 Pin=J5-1
Added Net: Name=NetJ3_21
Added Pin To Net: NetName=NetJ3_26 Pin=J3-26
Added Pin To Net: NetName=NetJ3_26 Pin=J6-19
Added Net: Name=NetJ3_26
Added Pin To Net: NetName=NetJ3_28 Pin=J3-28
Added Pin To Net: NetName=NetJ3_28 Pin=J6-18
Added Net: Name=NetJ3_28
Added Pin To Net: NetName=NetJ3_29 Pin=J3-29
Added Pin To Net: NetName=NetJ3_29 Pin=J6-17
Added Net: Name=NetJ3_29
Added Pin To Net: NetName=NetJ3_30 Pin=J3-30
Added Pin To Net: NetName=NetJ3_30 Pin=J6-16
Added Net: Name=NetJ3_30
Added Pin To Net: NetName=NetJ3_31 Pin=J3-31
Added Pin To Net: NetName=NetJ3_31 Pin=J6-15
Added Net: Name=NetJ3_31
Added Pin To Net: NetName=NetJ3_32 Pin=J3-32
Added Pin To Net: NetName=NetJ3_32 Pin=J6-14
Added Net: Name=NetJ3_32
Added Pin To Net: NetName=NetJ3_33 Pin=J3-33
Added Pin To Net: NetName=NetJ3_33 Pin=J6-13
Added Net: Name=NetJ3_33
Added Pin To Net: NetName=NetJ3_34 Pin=J3-34
Added Pin To Net: NetName=NetJ3_34 Pin=J6-12
Added Net: Name=NetJ3_34
Added Pin To Net: NetName=NetJ3_35 Pin=J3-35
Added Pin To Net: NetName=NetJ3_35 Pin=J6-11
Added Net: Name=NetJ3_35
Added Pin To Net: NetName=NetJ3_36 Pin=J3-36
Added Pin To Net: NetName=NetJ3_36 Pin=J6-10
Added Net: Name=NetJ3_36
Added Pin To Net: NetName=NetJ3_40 Pin=J3-40
Added Pin To Net: NetName=NetJ3_40 Pin=J6-7
Added Net: Name=NetJ3_40
Added Pin To Net: NetName=NetJ3_41 Pin=J3-41
Added Pin To Net: NetName=NetJ3_41 Pin=J6-6
Added Net: Name=NetJ3_41
Added Pin To Net: NetName=NetJ3_42 Pin=J3-42
Added Pin To Net: NetName=NetJ3_42 Pin=J6-5
Added Net: Name=NetJ3_42
Added Pin To Net: NetName=NetJ3_43 Pin=J3-43
Added Pin To Net: NetName=NetJ3_43 Pin=J6-4
Added Net: Name=NetJ3_43
Added Pin To Net: NetName=NetJ3_65 Pin=J3-65
Added Pin To Net: NetName=NetJ3_65 Pin=J7-4
Added Net: Name=NetJ3_65
Added Pin To Net: NetName=NetJ3_67 Pin=J3-67
Added Pin To Net: NetName=NetJ3_67 Pin=J7-3
Added Net: Name=NetJ3_67
Added Pin To Net: NetName=NetJ3_69 Pin=J3-69
Added Pin To Net: NetName=NetJ3_69 Pin=J7-2
Added Net: Name=NetJ3_69
Added Pin To Net: NetName=NetJ3_71 Pin=J3-71
Added Pin To Net: NetName=NetJ3_71 Pin=J7-1
Added Net: Name=NetJ3_71
Added Pin To Net: NetName=NetJ3_76 Pin=J3-76
Added Pin To Net: NetName=NetJ3_76 Pin=J4-16
Added Net: Name=NetJ3_76
Added Pin To Net: NetName=NetJ3_78 Pin=J3-78
Added Pin To Net: NetName=NetJ3_78 Pin=J4-15
Added Net: Name=NetJ3_78
Added Pin To Net: NetName=NetJ3_79 Pin=J3-79
Added Pin To Net: NetName=NetJ3_79 Pin=J4-14
Added Net: Name=NetJ3_79
Added Pin To Net: NetName=NetJ3_80 Pin=J3-80
Added Pin To Net: NetName=NetJ3_80 Pin=J4-13
Added Net: Name=NetJ3_80
Added Pin To Net: NetName=NetJ3_81 Pin=J3-81
Added Pin To Net: NetName=NetJ3_81 Pin=J4-12
Added Net: Name=NetJ3_81
Added Pin To Net: NetName=NetJ3_83 Pin=J3-83
Added Pin To Net: NetName=NetJ3_83 Pin=J4-11
Added Net: Name=NetJ3_83
Added Pin To Net: NetName=NetJ3_84 Pin=J3-84
Added Pin To Net: NetName=NetJ3_84 Pin=J4-10
Added Net: Name=NetJ3_84
Added Pin To Net: NetName=NetJ3_85 Pin=J3-85
Added Pin To Net: NetName=NetJ3_85 Pin=J4-9
Added Net: Name=NetJ3_85
Added Pin To Net: NetName=NetJ3_86 Pin=J3-86
Added Pin To Net: NetName=NetJ3_86 Pin=J4-8
Added Net: Name=NetJ3_86
Added Pin To Net: NetName=NetJ3_88 Pin=J3-88
Added Pin To Net: NetName=NetJ3_88 Pin=J4-7
Added Net: Name=NetJ3_88
Added Pin To Net: NetName=NetJ3_90 Pin=J3-90
Added Pin To Net: NetName=NetJ3_90 Pin=J4-5
Added Net: Name=NetJ3_90
Added Pin To Net: NetName=NetJ3_91 Pin=J3-91
Added Pin To Net: NetName=NetJ3_91 Pin=J4-4
Added Net: Name=NetJ3_91
Added Pin To Net: NetName=NetL10_1 Pin=L10-1
Added Pin To Net: NetName=NetL10_1 Pin=U1-5
Added Net: Name=NetL10_1
Added Pin To Net: NetName=NetL10_2 Pin=L10-2
Added Pin To Net: NetName=NetL10_2 Pin=Q1-2
Added Pin To Net: NetName=NetL10_2 Pin=Q1-5
Added Net: Name=NetL10_2
Added Pin To Net: NetName=NetL11_1 Pin=L11-1
Added Pin To Net: NetName=NetL11_1 Pin=U2-5
Added Net: Name=NetL11_1
Added Pin To Net: NetName=NetL11_2 Pin=L11-2
Added Pin To Net: NetName=NetL11_2 Pin=Q2-2
Added Pin To Net: NetName=NetL11_2 Pin=Q2-5
Added Net: Name=NetL11_2
Added Pin To Net: NetName=NetL12_1 Pin=L12-1
Added Pin To Net: NetName=NetL12_1 Pin=U3-5
Added Net: Name=NetL12_1
Added Pin To Net: NetName=NetL12_2 Pin=L12-2
Added Pin To Net: NetName=NetL12_2 Pin=Q3-2
Added Pin To Net: NetName=NetL12_2 Pin=Q3-5
Added Net: Name=NetL12_2
Added Pin To Net: NetName=NetLED1_2 Pin=LED1-2
Added Pin To Net: NetName=NetLED1_2 Pin=R92-1
Added Net: Name=NetLED1_2
Added Pin To Net: NetName=NetLED2_2 Pin=LED2-2
Added Pin To Net: NetName=NetLED2_2 Pin=R93-1
Added Net: Name=NetLED2_2
Added Pin To Net: NetName=NetR53_1 Pin=R53-1
Added Pin To Net: NetName=NetR53_1 Pin=TP_VLA1-1
Added Pin To Net: NetName=NetR53_1 Pin=U1-4
Added Pin To Net: NetName=NetR53_1 Pin=XF1-2
Added Net: Name=NetR53_1
Added Pin To Net: NetName=NetR53_2 Pin=R53-2
Added Pin To Net: NetName=NetR53_2 Pin=U4-5
Added Net: Name=NetR53_2
Added Pin To Net: NetName=NetR56_2 Pin=R56-2
Added Pin To Net: NetName=NetR56_2 Pin=U4-1
Added Net: Name=NetR56_2
Added Pin To Net: NetName=NetR66_1 Pin=R66-1
Added Pin To Net: NetName=NetR66_1 Pin=TP_VLB1-1
Added Pin To Net: NetName=NetR66_1 Pin=U2-4
Added Pin To Net: NetName=NetR66_1 Pin=XF2-2
Added Net: Name=NetR66_1
Added Pin To Net: NetName=NetR66_2 Pin=R66-2
Added Pin To Net: NetName=NetR66_2 Pin=U5-5
Added Net: Name=NetR66_2
Added Pin To Net: NetName=NetR69_2 Pin=R69-2
Added Pin To Net: NetName=NetR69_2 Pin=U5-1
Added Net: Name=NetR69_2
Added Pin To Net: NetName=NetR79_1 Pin=R79-1
Added Pin To Net: NetName=NetR79_1 Pin=TP_VLC1-1
Added Pin To Net: NetName=NetR79_1 Pin=U3-4
Added Pin To Net: NetName=NetR79_1 Pin=XF3-2
Added Net: Name=NetR79_1
Added Pin To Net: NetName=NetR79_2 Pin=R79-2
Added Pin To Net: NetName=NetR79_2 Pin=U6-5
Added Net: Name=NetR79_2
Added Pin To Net: NetName=NetR82_2 Pin=R82-2
Added Pin To Net: NetName=NetR82_2 Pin=U6-1
Added Net: Name=NetR82_2
Added Pin To Net: NetName=NetR88_2 Pin=R88-2
Added Pin To Net: NetName=NetR88_2 Pin=U7-5
Added Net: Name=NetR88_2
Added Pin To Net: NetName=NetR89_2 Pin=R89-2
Added Pin To Net: NetName=NetR89_2 Pin=U7-1
Added Net: Name=NetR89_2
Added Pin To Net: NetName=TCK Pin=J3-48
Added Pin To Net: NetName=TCK Pin=J8-5
Added Pin To Net: NetName=TCK Pin=J8-6
Added Net: Name=TCK
Added Pin To Net: NetName=TDI Pin=J3-97
Added Pin To Net: NetName=TDI Pin=J8-2
Added Net: Name=TDI
Added Pin To Net: NetName=TDO Pin=J3-98
Added Pin To Net: NetName=TDO Pin=J8-4
Added Net: Name=TDO
Added Pin To Net: NetName=TMS Pin=J3-49
Added Pin To Net: NetName=TMS Pin=J8-1
Added Net: Name=TMS
Added Pin To Net: NetName=TRSTn Pin=J3-99
Added Pin To Net: NetName=TRSTn Pin=J8-8
Added Net: Name=TRSTn
Added Pin To Net: NetName=VA Pin=R54-1
Added Pin To Net: NetName=VA Pin=R57-1
Added Pin To Net: NetName=VA Pin=R58-1
Added Pin To Net: NetName=VA Pin=R61-1
Added Pin To Net: NetName=VA Pin=U4-2
Added Net: Name=VA
Added Pin To Net: NetName=VB Pin=R67-1
Added Pin To Net: NetName=VB Pin=R70-1
Added Pin To Net: NetName=VB Pin=R71-1
Added Pin To Net: NetName=VB Pin=R74-1
Added Pin To Net: NetName=VB Pin=U5-2
Added Net: Name=VB
Added Pin To Net: NetName=VC Pin=R80-1
Added Pin To Net: NetName=VC Pin=R83-1
Added Pin To Net: NetName=VC Pin=R84-1
Added Pin To Net: NetName=VC Pin=R87-1
Added Pin To Net: NetName=VC Pin=U6-2
Added Net: Name=VC
